{"meta": {"format": 3, "version": "7.11.0", "timestamp": "2026-07-26T14:21:11.012413", "branch_coverage": false, "show_contexts": false}, "files": {"__init__.py": {"executed_lines": [], "summary": {"covered_lines": 0, "num_statements": 1, "percent_covered": 0.0, "percent_covered_display": "0", "missing_lines": 1, "excluded_lines": 0}, "missing_lines": [6], "excluded_lines": [], "functions": {"": {"executed_lines": [], "summary": {"covered_lines": 0, "num_statements": 1, "percent_covered": 0.0, "percent_covered_display": "0", "missing_lines": 1, "excluded_lines": 0}, "missing_lines": [6], "excluded_lines": []}}, "classes": {"": {"executed_lines": [], "summary": {"covered_lines": 0, "num_statements": 1, "percent_covered": 0.0, "percent_covered_display": "0", "missing_lines": 1, "excluded_lines": 0}, "missing_lines": [6], "excluded_lines": []}}}, "evolve\\anolis_validation.py": {"executed_lines": [1, 35, 36, 37, 38, 40, 42, 60, 69, 96, 102, 103, 108, 112, 114, 115, 117, 118, 121, 122, 123, 125, 126, 127, 128, 129, 131, 132, 133, 136, 137, 138, 140, 143, 153, 154, 155, 158, 160, 161, 163, 165, 167, 169, 172, 250], "summary": {"covered_lines": 45, "num_statements": 95, "percent_covered": 47.36842105263158, "percent_covered_display": "47", "missing_lines": 50, "excluded_lines": 0}, "missing_lines": [164, 173, 174, 177, 178, 179, 180, 181, 182, 183, 193, 194, 196, 197, 198, 199, 201, 202, 203, 209, 210, 211, 212, 213, 214, 215, 216, 217, 218, 221, 222, 223, 224, 225, 226, 227, 228, 229, 230, 231, 232, 234, 237, 238, 239, 243, 244, 245, 247, 251], "excluded_lines": [], "functions": {"build_lenses": {"executed_lines": [102, 103, 108, 112, 114, 115, 117, 118, 121, 122, 123, 125, 126, 127, 128, 129, 131, 132, 133, 136, 137, 138, 140], "summary": {"covered_lines": 23, "num_statements": 23, "percent_covered": 100.0, "percent_covered_display": "100", "missing_lines": 0, "excluded_lines": 0}, "missing_lines": [], "excluded_lines": []}, "_fingerprint": {"executed_lines": [153, 154, 155], "summary": {"covered_lines": 3, "num_statements": 3, "percent_covered": 100.0, "percent_covered_display": "100", "missing_lines": 0, "excluded_lines": 0}, "missing_lines": [], "excluded_lines": []}, "yoneda": {"executed_lines": [160, 161, 163, 165, 167, 169], "summary": {"covered_lines": 6, "num_statements": 7, "percent_covered": 85.71428571428571, "percent_covered_display": "86", "missing_lines": 1, "excluded_lines": 0}, "missing_lines": [164], "excluded_lines": []}, "main": {"executed_lines": [], "summary": {"covered_lines": 0, "num_statements": 47, "percent_covered": 0.0, "percent_covered_display": "0", "missing_lines": 47, "excluded_lines": 0}, "missing_lines": [173, 174, 177, 178, 179, 180, 181, 182, 183, 193, 196, 197, 198, 199, 201, 202, 203, 209, 210, 211, 212, 213, 214, 215, 216, 217, 218, 221, 222, 223, 224, 225, 226, 227, 228, 229, 230, 231, 232, 234, 237, 238, 239, 243, 244, 245, 247], "excluded_lines": []}, "main.bucket": {"executed_lines": [], "summary": {"covered_lines": 0, "num_statements": 1, "percent_covered": 0.0, "percent_covered_display": "0", "missing_lines": 1, "excluded_lines": 0}, "missing_lines": [194], "excluded_lines": []}, "": {"executed_lines": [1, 35, 36, 37, 38, 40, 42, 60, 69, 96, 143, 158, 172, 250], "summary": {"covered_lines": 13, "num_statements": 14, "percent_covered": 92.85714285714286, "percent_covered_display": "93", "missing_lines": 1, "excluded_lines": 0}, "missing_lines": [251], "excluded_lines": []}}, "classes": {"": {"executed_lines": [1, 35, 36, 37, 38, 40, 42, 60, 69, 96, 102, 103, 108, 112, 114, 115, 117, 118, 121, 122, 123, 125, 126, 127, 128, 129, 131, 132, 133, 136, 137, 138, 140, 143, 153, 154, 155, 158, 160, 161, 163, 165, 167, 169, 172, 250], "summary": {"covered_lines": 45, "num_statements": 95, "percent_covered": 47.36842105263158, "percent_covered_display": "47", "missing_lines": 50, "excluded_lines": 0}, "missing_lines": [164, 173, 174, 177, 178, 179, 180, 181, 182, 183, 193, 194, 196, 197, 198, 199, 201, 202, 203, 209, 210, 211, 212, 213, 214, 215, 216, 217, 218, 221, 222, 223, 224, 225, 226, 227, 228, 229, 230, 231, 232, 234, 237, 238, 239, 243, 244, 245, 247, 251], "excluded_lines": []}}}, "evolve\\geometry_test.py": {"executed_lines": [1, 16, 17, 18, 20, 21, 23, 25, 26, 27, 28, 30, 33, 34, 36, 37, 38, 39, 40, 41, 42, 43, 44, 45, 48, 49, 51, 52, 53, 54, 55, 58, 59, 60, 61, 62, 63, 64, 65, 69, 70, 71, 73, 74, 76, 77, 78, 79, 80, 81, 83, 84, 85, 86, 87, 88, 89, 90, 91, 95, 96, 97, 98, 99, 100, 101, 102, 103, 104, 106, 107, 108, 109, 110, 111, 112, 113, 115, 117, 118, 119, 120, 121, 122, 123, 124, 125, 128, 151, 152, 153, 154, 155, 156, 157, 158, 159, 160, 161, 162, 163, 164, 165, 166, 167, 169, 170, 171, 173, 174, 175, 176, 177, 178, 182], "summary": {"covered_lines": 113, "num_statements": 134, "percent_covered": 84.32835820895522, "percent_covered_display": "84", "missing_lines": 21, "excluded_lines": 0}, "missing_lines": [114, 136, 137, 138, 139, 140, 141, 142, 143, 144, 145, 146, 147, 148, 183, 184, 186, 187, 188, 189, 191], "excluded_lines": [], "functions": {"taxon_graph": {"executed_lines": [36, 37, 38, 39, 40, 41, 42, 43, 44, 45], "summary": {"covered_lines": 10, "num_statements": 10, "percent_covered": 100.0, "percent_covered_display": "100", "missing_lines": 0, "excluded_lines": 0}, "missing_lines": [], "excluded_lines": []}, "_RicciAdapter.__init__": {"executed_lines": [51], "summary": {"covered_lines": 1, "num_statements": 1, "percent_covered": 100.0, "percent_covered_display": "100", "missing_lines": 0, "excluded_lines": 0}, "missing_lines": [], "excluded_lines": []}, "_RicciAdapter.list_morphisms": {"executed_lines": [53, 55], "summary": {"covered_lines": 2, "num_statements": 2, "percent_covered": 100.0, "percent_covered_display": "100", "missing_lines": 0, "excluded_lines": 0}, "missing_lines": [], "excluded_lines": []}, "_RicciAdapter.list_morphisms.M.__init__": {"executed_lines": [54], "summary": {"covered_lines": 1, "num_statements": 1, "percent_covered": 100.0, "percent_covered_display": "100", "missing_lines": 0, "excluded_lines": 0}, "missing_lines": [], "excluded_lines": []}, "test_spectral": {"executed_lines": [59, 60, 61, 62, 63, 64, 65, 69, 70, 71, 73, 76, 77, 78, 79, 80, 81, 83, 84, 85, 86, 87, 88, 89, 90, 91], "summary": {"covered_lines": 26, "num_statements": 26, "percent_covered": 100.0, "percent_covered_display": "100", "missing_lines": 0, "excluded_lines": 0}, "missing_lines": [], "excluded_lines": []}, "test_spectral.d": {"executed_lines": [74], "summary": {"covered_lines": 1, "num_statements": 1, "percent_covered": 100.0, "percent_covered_display": "100", "missing_lines": 0, "excluded_lines": 0}, "missing_lines": [], "excluded_lines": []}, "test_ricci": {"executed_lines": [96, 97, 98, 99, 100, 101, 102, 103, 104, 106, 117, 118, 119, 120, 121, 122, 123, 124, 125], "summary": {"covered_lines": 19, "num_statements": 19, "percent_covered": 100.0, "percent_covered_display": "100", "missing_lines": 0, "excluded_lines": 0}, "missing_lines": [], "excluded_lines": []}, "test_ricci.tag": {"executed_lines": [107, 108, 109, 110, 111, 112, 113, 115], "summary": {"covered_lines": 8, "num_statements": 9, "percent_covered": 88.88888888888889, "percent_covered_display": "89", "missing_lines": 1, "excluded_lines": 0}, "missing_lines": [114], "excluded_lines": []}, "lineage_community_graph": {"executed_lines": [], "summary": {"covered_lines": 0, "num_statements": 13, "percent_covered": 0.0, "percent_covered_display": "0", "missing_lines": 13, "excluded_lines": 0}, "missing_lines": [136, 137, 138, 139, 140, 141, 142, 143, 144, 145, 146, 147, 148], "excluded_lines": []}, "test_ricci_lineage": {"executed_lines": [152, 153, 154, 155, 156, 157, 158, 159, 160, 161, 162, 163, 164, 165, 166, 167, 169, 170, 171, 173, 174, 175, 176, 177, 178], "summary": {"covered_lines": 25, "num_statements": 25, "percent_covered": 100.0, "percent_covered_display": "100", "missing_lines": 0, "excluded_lines": 0}, "missing_lines": [], "excluded_lines": []}, "": {"executed_lines": [1, 16, 17, 18, 20, 21, 23, 25, 26, 27, 28, 30, 33, 34, 48, 49, 52, 58, 95, 128, 151, 182], "summary": {"covered_lines": 20, "num_statements": 27, "percent_covered": 74.07407407407408, "percent_covered_display": "74", "missing_lines": 7, "excluded_lines": 0}, "missing_lines": [183, 184, 186, 187, 188, 189, 191], "excluded_lines": []}}, "classes": {"_RicciAdapter": {"executed_lines": [51, 53, 55], "summary": {"covered_lines": 3, "num_statements": 3, "percent_covered": 100.0, "percent_covered_display": "100", "missing_lines": 0, "excluded_lines": 0}, "missing_lines": [], "excluded_lines": []}, "_RicciAdapter.list_morphisms.M": {"executed_lines": [54], "summary": {"covered_lines": 1, "num_statements": 1, "percent_covered": 100.0, "percent_covered_display": "100", "missing_lines": 0, "excluded_lines": 0}, "missing_lines": [], "excluded_lines": []}, "": {"executed_lines": [1, 16, 17, 18, 20, 21, 23, 25, 26, 27, 28, 30, 33, 34, 36, 37, 38, 39, 40, 41, 42, 43, 44, 45, 48, 49, 52, 58, 59, 60, 61, 62, 63, 64, 65, 69, 70, 71, 73, 74, 76, 77, 78, 79, 80, 81, 83, 84, 85, 86, 87, 88, 89, 90, 91, 95, 96, 97, 98, 99, 100, 101, 102, 103, 104, 106, 107, 108, 109, 110, 111, 112, 113, 115, 117, 118, 119, 120, 121, 122, 123, 124, 125, 128, 151, 152, 153, 154, 155, 156, 157, 158, 159, 160, 161, 162, 163, 164, 165, 166, 167, 169, 170, 171, 173, 174, 175, 176, 177, 178, 182], "summary": {"covered_lines": 109, "num_statements": 130, "percent_covered": 83.84615384615384, "percent_covered_display": "84", "missing_lines": 21, "excluded_lines": 0}, "missing_lines": [114, 136, 137, 138, 139, 140, 141, 142, 143, 144, 145, 146, 147, 148, 183, 184, 186, 187, 188, 189, 191], "excluded_lines": []}}}, "optimus_core.py": {"executed_lines": [], "summary": {"covered_lines": 0, "num_statements": 403, "percent_covered": 0.0, "percent_covered_display": "0", "missing_lines": 403, "excluded_lines": 0}, "missing_lines": [38, 39, 40, 41, 42, 43, 50, 51, 56, 57, 58, 59, 61, 62, 64, 65, 66, 67, 68, 70, 72, 74, 76, 78, 80, 81, 82, 85, 92, 99, 111, 112, 119, 120, 121, 123, 124, 125, 127, 128, 129, 131, 132, 133, 134, 135, 137, 138, 140, 141, 146, 158, 159, 160, 161, 163, 164, 165, 167, 168, 169, 170, 172, 173, 174, 175, 176, 178, 179, 180, 182, 184, 185, 189, 191, 193, 194, 195, 196, 197, 199, 202, 203, 204, 205, 206, 207, 208, 209, 210, 211, 212, 215, 222, 223, 224, 225, 226, 228, 230, 231, 232, 233, 234, 241, 242, 248, 249, 250, 251, 252, 253, 254, 255, 257, 258, 259, 260, 262, 263, 265, 266, 267, 270, 271, 273, 274, 281, 290, 292, 293, 294, 295, 296, 300, 301, 302, 304, 305, 306, 307, 309, 310, 311, 312, 316, 320, 321, 322, 324, 325, 327, 329, 330, 331, 332, 333, 335, 336, 338, 346, 347, 351, 352, 353, 354, 355, 356, 357, 361, 362, 363, 365, 367, 370, 371, 372, 373, 374, 375, 376, 377, 381, 382, 384, 385, 387, 389, 392, 394, 395, 396, 397, 402, 404, 406, 408, 410, 415, 421, 426, 427, 429, 432, 433, 435, 440, 445, 447, 448, 459, 468, 470, 471, 472, 473, 474, 476, 478, 479, 480, 481, 483, 485, 486, 488, 493, 494, 495, 497, 498, 499, 500, 501, 504, 506, 508, 513, 514, 515, 517, 518, 520, 522, 523, 524, 525, 527, 537, 538, 540, 541, 542, 543, 544, 545, 546, 548, 550, 551, 553, 554, 555, 556, 561, 583, 584, 585, 586, 587, 591, 593, 597, 604, 605, 606, 607, 608, 609, 611, 612, 616, 620, 624, 636, 637, 638, 641, 643, 653, 656, 657, 658, 659, 660, 661, 662, 664, 665, 668, 669, 670, 671, 679, 686, 687, 689, 690, 692, 693, 695, 696, 697, 698, 699, 700, 701, 702, 703, 704, 705, 707, 713, 715, 723, 724, 726, 730, 742, 743, 744, 746, 747, 751, 753, 754, 756, 760, 777, 778, 779, 780, 782, 783, 785, 786, 787, 790, 796, 797, 798, 799, 800, 801, 802, 803, 804, 806, 807, 808, 809, 811, 819, 834, 837, 838, 839, 840, 842, 843, 845, 850, 851, 853, 854, 856, 857, 858, 859, 860, 862, 863, 868, 869, 870, 872, 880, 882, 886, 887, 888, 889, 890, 892, 893, 894, 895, 897, 900, 901, 902, 903, 904], "excluded_lines": [], "functions": {"Quantale.compose": {"executed_lines": [], "summary": {"covered_lines": 0, "num_statements": 1, "percent_covered": 0.0, "percent_covered_display": "0", "missing_lines": 1, "excluded_lines": 0}, "missing_lines": [62], "excluded_lines": []}, "Quantale.compose_path": {"executed_lines": [], "summary": {"covered_lines": 0, "num_statements": 4, "percent_covered": 0.0, "percent_covered_display": "0", "missing_lines": 4, "excluded_lines": 0}, "missing_lines": [65, 66, 67, 68], "excluded_lines": []}, "Quantale.better": {"executed_lines": [], "summary": {"covered_lines": 0, "num_statements": 1, "percent_covered": 0.0, "percent_covered_display": "0", "missing_lines": 1, "excluded_lines": 0}, "missing_lines": [72], "excluded_lines": []}, "Quantale.at_least_as_good": {"executed_lines": [], "summary": {"covered_lines": 0, "num_statements": 1, "percent_covered": 0.0, "percent_covered_display": "0", "missing_lines": 1, "excluded_lines": 0}, "missing_lines": [76], "excluded_lines": []}, "Quantale.loss": {"executed_lines": [], "summary": {"covered_lines": 0, "num_statements": 3, "percent_covered": 0.0, "percent_covered_display": "0", "missing_lines": 3, "excluded_lines": 0}, "missing_lines": [80, 81, 82], "excluded_lines": []}, "Path.is_identity": {"executed_lines": [], "summary": {"covered_lines": 0, "num_statements": 1, "percent_covered": 0.0, "percent_covered_display": "0", "missing_lines": 1, "excluded_lines": 0}, "missing_lines": [125], "excluded_lines": []}, "Path.length": {"executed_lines": [], "summary": {"covered_lines": 0, "num_statements": 1, "percent_covered": 0.0, "percent_covered_display": "0", "missing_lines": 1, "excluded_lines": 0}, "missing_lines": [129], "excluded_lines": []}, "Path.__repr__": {"executed_lines": [], "summary": {"covered_lines": 0, "num_statements": 4, "percent_covered": 0.0, "percent_covered_display": "0", "missing_lines": 4, "excluded_lines": 0}, "missing_lines": [132, 133, 134, 135], "excluded_lines": []}, "Path.__hash__": {"executed_lines": [], "summary": {"covered_lines": 0, "num_statements": 1, "percent_covered": 0.0, "percent_covered_display": "0", "missing_lines": 1, "excluded_lines": 0}, "missing_lines": [138], "excluded_lines": []}, "Path.__eq__": {"executed_lines": [], "summary": {"covered_lines": 0, "num_statements": 1, "percent_covered": 0.0, "percent_covered_display": "0", "missing_lines": 1, "excluded_lines": 0}, "missing_lines": [141], "excluded_lines": []}, "FreeCategory.__init__": {"executed_lines": [], "summary": {"covered_lines": 0, "num_statements": 3, "percent_covered": 0.0, "percent_covered_display": "0", "missing_lines": 3, "excluded_lines": 0}, "missing_lines": [159, 160, 161], "excluded_lines": []}, "FreeCategory.add_object": {"executed_lines": [], "summary": {"covered_lines": 0, "num_statements": 2, "percent_covered": 0.0, "percent_covered_display": "0", "missing_lines": 2, "excluded_lines": 0}, "missing_lines": [164, 165], "excluded_lines": []}, "FreeCategory.add_objects": {"executed_lines": [], "summary": {"covered_lines": 0, "num_statements": 3, "percent_covered": 0.0, "percent_covered_display": "0", "missing_lines": 3, "excluded_lines": 0}, "missing_lines": [168, 169, 170], "excluded_lines": []}, "FreeCategory.add_edge": {"executed_lines": [], "summary": {"covered_lines": 0, "num_statements": 4, "percent_covered": 0.0, "percent_covered_display": "0", "missing_lines": 4, "excluded_lines": 0}, "missing_lines": [173, 174, 175, 176], "excluded_lines": []}, "FreeCategory.identity": {"executed_lines": [], "summary": {"covered_lines": 0, "num_statements": 2, "percent_covered": 0.0, "percent_covered_display": "0", "missing_lines": 2, "excluded_lines": 0}, "missing_lines": [179, 180], "excluded_lines": []}, "FreeCategory.compose": {"executed_lines": [], "summary": {"covered_lines": 0, "num_statements": 3, "percent_covered": 0.0, "percent_covered_display": "0", "missing_lines": 3, "excluded_lines": 0}, "missing_lines": [184, 185, 189], "excluded_lines": []}, "FreeCategory.compose_many": {"executed_lines": [], "summary": {"covered_lines": 0, "num_statements": 5, "percent_covered": 0.0, "percent_covered_display": "0", "missing_lines": 5, "excluded_lines": 0}, "missing_lines": [193, 194, 195, 196, 197], "excluded_lines": []}, "FreeCategory.all_paths": {"executed_lines": [], "summary": {"covered_lines": 0, "num_statements": 11, "percent_covered": 0.0, "percent_covered_display": "0", "missing_lines": 11, "excluded_lines": 0}, "missing_lines": [202, 203, 204, 205, 206, 207, 208, 209, 210, 211, 212], "excluded_lines": []}, "FreeCategory.parse": {"executed_lines": [], "summary": {"covered_lines": 0, "num_statements": 11, "percent_covered": 0.0, "percent_covered_display": "0", "missing_lines": 11, "excluded_lines": 0}, "missing_lines": [222, 223, 224, 225, 226, 228, 230, 231, 232, 233, 234], "excluded_lines": []}, "EnrichedMorphism.__call__": {"executed_lines": [], "summary": {"covered_lines": 0, "num_statements": 3, "percent_covered": 0.0, "percent_covered_display": "0", "missing_lines": 3, "excluded_lines": 0}, "missing_lines": [258, 259, 260], "excluded_lines": []}, "EnrichedMorphism.loss": {"executed_lines": [], "summary": {"covered_lines": 0, "num_statements": 1, "percent_covered": 0.0, "percent_covered_display": "0", "missing_lines": 1, "excluded_lines": 0}, "missing_lines": [263], "excluded_lines": []}, "EnrichedMorphism.__repr__": {"executed_lines": [], "summary": {"covered_lines": 0, "num_statements": 2, "percent_covered": 0.0, "percent_covered_display": "0", "missing_lines": 2, "excluded_lines": 0}, "missing_lines": [266, 267], "excluded_lines": []}, "EnrichedMorphism.__hash__": {"executed_lines": [], "summary": {"covered_lines": 0, "num_statements": 1, "percent_covered": 0.0, "percent_covered_display": "0", "missing_lines": 1, "excluded_lines": 0}, "missing_lines": [271], "excluded_lines": []}, "EnrichedMorphism.__eq__": {"executed_lines": [], "summary": {"covered_lines": 0, "num_statements": 1, "percent_covered": 0.0, "percent_covered_display": "0", "missing_lines": 1, "excluded_lines": 0}, "missing_lines": [274], "excluded_lines": []}, "RuntimeCategory.__init__": {"executed_lines": [], "summary": {"covered_lines": 0, "num_statements": 5, "percent_covered": 0.0, "percent_covered_display": "0", "missing_lines": 5, "excluded_lines": 0}, "missing_lines": [292, 293, 294, 295, 296], "excluded_lines": []}, "RuntimeCategory.add_object": {"executed_lines": [], "summary": {"covered_lines": 0, "num_statements": 2, "percent_covered": 0.0, "percent_covered_display": "0", "missing_lines": 2, "excluded_lines": 0}, "missing_lines": [301, 302], "excluded_lines": []}, "RuntimeCategory.add_objects": {"executed_lines": [], "summary": {"covered_lines": 0, "num_statements": 3, "percent_covered": 0.0, "percent_covered_display": "0", "missing_lines": 3, "excluded_lines": 0}, "missing_lines": [305, 306, 307], "excluded_lines": []}, "RuntimeCategory.get_or_create_object": {"executed_lines": [], "summary": {"covered_lines": 0, "num_statements": 3, "percent_covered": 0.0, "percent_covered_display": "0", "missing_lines": 3, "excluded_lines": 0}, "missing_lines": [310, 311, 312], "excluded_lines": []}, "RuntimeCategory.add_morphism": {"executed_lines": [], "summary": {"covered_lines": 0, "num_statements": 6, "percent_covered": 0.0, "percent_covered_display": "0", "missing_lines": 6, "excluded_lines": 0}, "missing_lines": [320, 321, 322, 324, 325, 327], "excluded_lines": []}, "RuntimeCategory.identity": {"executed_lines": [], "summary": {"covered_lines": 0, "num_statements": 6, "percent_covered": 0.0, "percent_covered_display": "0", "missing_lines": 6, "excluded_lines": 0}, "missing_lines": [330, 331, 332, 333, 335, 336], "excluded_lines": []}, "RuntimeCategory.compose": {"executed_lines": [], "summary": {"covered_lines": 0, "num_statements": 13, "percent_covered": 0.0, "percent_covered_display": "0", "missing_lines": 13, "excluded_lines": 0}, "missing_lines": [346, 347, 351, 352, 353, 354, 355, 356, 357, 361, 362, 363, 365], "excluded_lines": []}, "RuntimeCategory.compose_path": {"executed_lines": [], "summary": {"covered_lines": 0, "num_statements": 8, "percent_covered": 0.0, "percent_covered_display": "0", "missing_lines": 8, "excluded_lines": 0}, "missing_lines": [370, 371, 372, 373, 374, 375, 376, 377], "excluded_lines": []}, "RuntimeCategory.morphisms_from": {"executed_lines": [], "summary": {"covered_lines": 0, "num_statements": 1, "percent_covered": 0.0, "percent_covered_display": "0", "missing_lines": 1, "excluded_lines": 0}, "missing_lines": [382], "excluded_lines": []}, "RuntimeCategory.morphisms_to": {"executed_lines": [], "summary": {"covered_lines": 0, "num_statements": 1, "percent_covered": 0.0, "percent_covered_display": "0", "missing_lines": 1, "excluded_lines": 0}, "missing_lines": [385], "excluded_lines": []}, "RuntimeCategory.morphisms_between": {"executed_lines": [], "summary": {"covered_lines": 0, "num_statements": 1, "percent_covered": 0.0, "percent_covered_display": "0", "missing_lines": 1, "excluded_lines": 0}, "missing_lines": [389], "excluded_lines": []}, "RuntimeCategory.best_morphism": {"executed_lines": [], "summary": {"covered_lines": 0, "num_statements": 4, "percent_covered": 0.0, "percent_covered_display": "0", "missing_lines": 4, "excluded_lines": 0}, "missing_lines": [394, 395, 396, 397], "excluded_lines": []}, "RuntimeCategory.yoneda_in": {"executed_lines": [], "summary": {"covered_lines": 0, "num_statements": 1, "percent_covered": 0.0, "percent_covered_display": "0", "missing_lines": 1, "excluded_lines": 0}, "missing_lines": [404], "excluded_lines": []}, "RuntimeCategory.yoneda_out": {"executed_lines": [], "summary": {"covered_lines": 0, "num_statements": 1, "percent_covered": 0.0, "percent_covered_display": "0", "missing_lines": 1, "excluded_lines": 0}, "missing_lines": [408], "excluded_lines": []}, "RuntimeCategory.yoneda_fingerprint": {"executed_lines": [], "summary": {"covered_lines": 0, "num_statements": 1, "percent_covered": 0.0, "percent_covered_display": "0", "missing_lines": 1, "excluded_lines": 0}, "missing_lines": [415], "excluded_lines": []}, "RuntimeCategory.yoneda_similarity": {"executed_lines": [], "summary": {"covered_lines": 0, "num_statements": 8, "percent_covered": 0.0, "percent_covered_display": "0", "missing_lines": 8, "excluded_lines": 0}, "missing_lines": [426, 427, 429, 432, 433, 435, 440, 445], "excluded_lines": []}, "RuntimeCategory.stats": {"executed_lines": [], "summary": {"covered_lines": 0, "num_statements": 1, "percent_covered": 0.0, "percent_covered_display": "0", "missing_lines": 1, "excluded_lines": 0}, "missing_lines": [448], "excluded_lines": []}, "Functor.__init__": {"executed_lines": [], "summary": {"covered_lines": 0, "num_statements": 5, "percent_covered": 0.0, "percent_covered_display": "0", "missing_lines": 5, "excluded_lines": 0}, "missing_lines": [470, 471, 472, 473, 474], "excluded_lines": []}, "Functor.map_object": {"executed_lines": [], "summary": {"covered_lines": 0, "num_statements": 4, "percent_covered": 0.0, "percent_covered_display": "0", "missing_lines": 4, "excluded_lines": 0}, "missing_lines": [478, 479, 480, 481], "excluded_lines": []}, "Functor.map_edge": {"executed_lines": [], "summary": {"covered_lines": 0, "num_statements": 2, "percent_covered": 0.0, "percent_covered_display": "0", "missing_lines": 2, "excluded_lines": 0}, "missing_lines": [485, 486], "excluded_lines": []}, "Functor.interpret": {"executed_lines": [], "summary": {"covered_lines": 0, "num_statements": 10, "percent_covered": 0.0, "percent_covered_display": "0", "missing_lines": 10, "excluded_lines": 0}, "missing_lines": [493, 494, 495, 497, 498, 499, 500, 501, 504, 506], "excluded_lines": []}, "Functor.verify_functor_law": {"executed_lines": [], "summary": {"covered_lines": 0, "num_statements": 11, "percent_covered": 0.0, "percent_covered_display": "0", "missing_lines": 11, "excluded_lines": 0}, "missing_lines": [513, 514, 515, 517, 518, 520, 522, 523, 524, 525, 527], "excluded_lines": []}, "Rewrite.improvement": {"executed_lines": [], "summary": {"covered_lines": 0, "num_statements": 2, "percent_covered": 0.0, "percent_covered_display": "0", "missing_lines": 2, "excluded_lines": 0}, "missing_lines": [550, 551], "excluded_lines": []}, "Rewrite.__repr__": {"executed_lines": [], "summary": {"covered_lines": 0, "num_statements": 3, "percent_covered": 0.0, "percent_covered_display": "0", "missing_lines": 3, "excluded_lines": 0}, "missing_lines": [554, 555, 556], "excluded_lines": []}, "OptimisMonad.__init__": {"executed_lines": [], "summary": {"covered_lines": 0, "num_statements": 4, "percent_covered": 0.0, "percent_covered_display": "0", "missing_lines": 4, "excluded_lines": 0}, "missing_lines": [584, 585, 586, 587], "excluded_lines": []}, "OptimisMonad.unit": {"executed_lines": [], "summary": {"covered_lines": 0, "num_statements": 1, "percent_covered": 0.0, "percent_covered_display": "0", "missing_lines": 1, "excluded_lines": 0}, "missing_lines": [593], "excluded_lines": []}, "OptimisMonad.multiply": {"executed_lines": [], "summary": {"covered_lines": 0, "num_statements": 8, "percent_covered": 0.0, "percent_covered_display": "0", "missing_lines": 8, "excluded_lines": 0}, "missing_lines": [604, 605, 606, 607, 608, 609, 611, 612], "excluded_lines": []}, "OptimisMonad.bind": {"executed_lines": [], "summary": {"covered_lines": 0, "num_statements": 1, "percent_covered": 0.0, "percent_covered_display": "0", "missing_lines": 1, "excluded_lines": 0}, "missing_lines": [620], "excluded_lines": []}, "OptimisMonad.factorizations": {"executed_lines": [], "summary": {"covered_lines": 0, "num_statements": 4, "percent_covered": 0.0, "percent_covered_display": "0", "missing_lines": 4, "excluded_lines": 0}, "missing_lines": [636, 637, 638, 641], "excluded_lines": []}, "OptimisMonad._factorize_rec": {"executed_lines": [], "summary": {"covered_lines": 0, "num_statements": 14, "percent_covered": 0.0, "percent_covered_display": "0", "missing_lines": 14, "excluded_lines": 0}, "missing_lines": [653, 656, 657, 658, 659, 660, 661, 662, 664, 665, 668, 669, 670, 671], "excluded_lines": []}, "OptimisMonad.compress": {"executed_lines": [], "summary": {"covered_lines": 0, "num_statements": 18, "percent_covered": 0.0, "percent_covered_display": "0", "missing_lines": 18, "excluded_lines": 0}, "missing_lines": [686, 687, 689, 690, 692, 693, 695, 696, 697, 698, 699, 705, 707, 713, 715, 723, 724, 726], "excluded_lines": []}, "OptimisMonad.compress.make_pipeline": {"executed_lines": [], "summary": {"covered_lines": 0, "num_statements": 2, "percent_covered": 0.0, "percent_covered_display": "0", "missing_lines": 2, "excluded_lines": 0}, "missing_lines": [700, 704], "excluded_lines": []}, "OptimisMonad.compress.make_pipeline.pipeline": {"executed_lines": [], "summary": {"covered_lines": 0, "num_statements": 3, "percent_covered": 0.0, "percent_covered_display": "0", "missing_lines": 3, "excluded_lines": 0}, "missing_lines": [701, 702, 703], "excluded_lines": []}, "OptimisMonad.refine": {"executed_lines": [], "summary": {"covered_lines": 0, "num_statements": 9, "percent_covered": 0.0, "percent_covered_display": "0", "missing_lines": 9, "excluded_lines": 0}, "missing_lines": [742, 743, 744, 746, 747, 751, 753, 754, 756], "excluded_lines": []}, "OptimisMonad.descend": {"executed_lines": [], "summary": {"covered_lines": 0, "num_statements": 24, "percent_covered": 0.0, "percent_covered_display": "0", "missing_lines": 24, "excluded_lines": 0}, "missing_lines": [777, 778, 779, 780, 782, 783, 785, 786, 787, 790, 796, 797, 798, 799, 800, 801, 802, 803, 804, 806, 807, 808, 809, 811], "excluded_lines": []}, "OptimisMonad.absorb": {"executed_lines": [], "summary": {"covered_lines": 0, "num_statements": 25, "percent_covered": 0.0, "percent_covered_display": "0", "missing_lines": 25, "excluded_lines": 0}, "missing_lines": [834, 837, 838, 839, 840, 842, 843, 845, 850, 851, 853, 854, 856, 857, 858, 859, 860, 862, 863, 868, 869, 870, 872, 880, 882], "excluded_lines": []}, "OptimisMonad.report": {"executed_lines": [], "summary": {"covered_lines": 0, "num_statements": 14, "percent_covered": 0.0, "percent_covered_display": "0", "missing_lines": 14, "excluded_lines": 0}, "missing_lines": [887, 888, 889, 890, 892, 893, 894, 895, 897, 900, 901, 902, 903, 904], "excluded_lines": []}, "": {"executed_lines": [], "summary": {"covered_lines": 0, "num_statements": 104, "percent_covered": 0.0, "percent_covered_display": "0", "missing_lines": 104, "excluded_lines": 0}, "missing_lines": [38, 39, 40, 41, 42, 43, 50, 51, 56, 57, 58, 59, 61, 64, 70, 74, 78, 85, 92, 99, 111, 112, 119, 120, 121, 123, 124, 127, 128, 131, 137, 140, 146, 158, 163, 167, 172, 178, 182, 191, 199, 215, 241, 242, 248, 249, 250, 251, 252, 253, 254, 255, 257, 262, 265, 270, 273, 281, 290, 300, 304, 309, 316, 329, 338, 367, 381, 384, 387, 392, 402, 406, 410, 421, 447, 459, 468, 476, 483, 488, 508, 537, 538, 540, 541, 542, 543, 544, 545, 546, 548, 553, 561, 583, 591, 597, 616, 624, 643, 679, 730, 760, 819, 886], "excluded_lines": []}}, "classes": {"Quantale": {"executed_lines": [], "summary": {"covered_lines": 0, "num_statements": 10, "percent_covered": 0.0, "percent_covered_display": "0", "missing_lines": 10, "excluded_lines": 0}, "missing_lines": [62, 65, 66, 67, 68, 72, 76, 80, 81, 82], "excluded_lines": []}, "Path": {"executed_lines": [], "summary": {"covered_lines": 0, "num_statements": 8, "percent_covered": 0.0, "percent_covered_display": "0", "missing_lines": 8, "excluded_lines": 0}, "missing_lines": [125, 129, 132, 133, 134, 135, 138, 141], "excluded_lines": []}, "FreeCategory": {"executed_lines": [], "summary": {"covered_lines": 0, "num_statements": 44, "percent_covered": 0.0, "percent_covered_display": "0", "missing_lines": 44, "excluded_lines": 0}, "missing_lines": [159, 160, 161, 164, 165, 168, 169, 170, 173, 174, 175, 176, 179, 180, 184, 185, 189, 193, 194, 195, 196, 197, 202, 203, 204, 205, 206, 207, 208, 209, 210, 211, 212, 222, 223, 224, 225, 226, 228, 230, 231, 232, 233, 234], "excluded_lines": []}, "EnrichedMorphism": {"executed_lines": [], "summary": {"covered_lines": 0, "num_statements": 8, "percent_covered": 0.0, "percent_covered_display": "0", "missing_lines": 8, "excluded_lines": 0}, "missing_lines": [258, 259, 260, 263, 266, 267, 271, 274], "excluded_lines": []}, "RuntimeCategory": {"executed_lines": [], "summary": {"covered_lines": 0, "num_statements": 65, "percent_covered": 0.0, "percent_covered_display": "0", "missing_lines": 65, "excluded_lines": 0}, "missing_lines": [292, 293, 294, 295, 296, 301, 302, 305, 306, 307, 310, 311, 312, 320, 321, 322, 324, 325, 327, 330, 331, 332, 333, 335, 336, 346, 347, 351, 352, 353, 354, 355, 356, 357, 361, 362, 363, 365, 370, 371, 372, 373, 374, 375, 376, 377, 382, 385, 389, 394, 395, 396, 397, 404, 408, 415, 426, 427, 429, 432, 433, 435, 440, 445, 448], "excluded_lines": []}, "Functor": {"executed_lines": [], "summary": {"covered_lines": 0, "num_statements": 32, "percent_covered": 0.0, "percent_covered_display": "0", "missing_lines": 32, "excluded_lines": 0}, "missing_lines": [470, 471, 472, 473, 474, 478, 479, 480, 481, 485, 486, 493, 494, 495, 497, 498, 499, 500, 501, 504, 506, 513, 514, 515, 517, 518, 520, 522, 523, 524, 525, 527], "excluded_lines": []}, "Rewrite": {"executed_lines": [], "summary": {"covered_lines": 0, "num_statements": 5, "percent_covered": 0.0, "percent_covered_display": "0", "missing_lines": 5, "excluded_lines": 0}, "missing_lines": [550, 551, 554, 555, 556], "excluded_lines": []}, "OptimisMonad": {"executed_lines": [], "summary": {"covered_lines": 0, "num_statements": 127, "percent_covered": 0.0, "percent_covered_display": "0", "missing_lines": 127, "excluded_lines": 0}, "missing_lines": [584, 585, 586, 587, 593, 604, 605, 606, 607, 608, 609, 611, 612, 620, 636, 637, 638, 641, 653, 656, 657, 658, 659, 660, 661, 662, 664, 665, 668, 669, 670, 671, 686, 687, 689, 690, 692, 693, 695, 696, 697, 698, 699, 700, 701, 702, 703, 704, 705, 707, 713, 715, 723, 724, 726, 742, 743, 744, 746, 747, 751, 753, 754, 756, 777, 778, 779, 780, 782, 783, 785, 786, 787, 790, 796, 797, 798, 799, 800, 801, 802, 803, 804, 806, 807, 808, 809, 811, 834, 837, 838, 839, 840, 842, 843, 845, 850, 851, 853, 854, 856, 857, 858, 859, 860, 862, 863, 868, 869, 870, 872, 880, 882, 887, 888, 889, 890, 892, 893, 894, 895, 897, 900, 901, 902, 903, 904], "excluded_lines": []}, "": {"executed_lines": [], "summary": {"covered_lines": 0, "num_statements": 104, "percent_covered": 0.0, "percent_covered_display": "0", "missing_lines": 104, "excluded_lines": 0}, "missing_lines": [38, 39, 40, 41, 42, 43, 50, 51, 56, 57, 58, 59, 61, 64, 70, 74, 78, 85, 92, 99, 111, 112, 119, 120, 121, 123, 124, 127, 128, 131, 137, 140, 146, 158, 163, 167, 172, 178, 182, 191, 199, 215, 241, 242, 248, 249, 250, 251, 252, 253, 254, 255, 257, 262, 265, 270, 273, 281, 290, 300, 304, 309, 316, 329, 338, 367, 381, 384, 387, 392, 402, 406, 410, 421, 447, 459, 468, 476, 483, 488, 508, 537, 538, 540, 541, 542, 543, 544, 545, 546, 548, 553, 561, 583, 591, 597, 616, 624, 643, 679, 730, 760, 819, 886], "excluded_lines": []}}}, "src\\komposos_core\\core\\__init__.py": {"executed_lines": [4, 6, 7, 16, 17, 18, 19, 20, 21, 30, 31, 33], "summary": {"covered_lines": 11, "num_statements": 11, "percent_covered": 100.0, "percent_covered_display": "100", "missing_lines": 0, "excluded_lines": 0}, "missing_lines": [], "excluded_lines": [], "functions": {"": {"executed_lines": [4, 6, 7, 16, 17, 18, 19, 20, 21, 30, 31, 33], "summary": {"covered_lines": 11, "num_statements": 11, "percent_covered": 100.0, "percent_covered_display": "100", "missing_lines": 0, "excluded_lines": 0}, "missing_lines": [], "excluded_lines": []}}, "classes": {"": {"executed_lines": [4, 6, 7, 16, 17, 18, 19, 20, 21, 30, 31, 33], "summary": {"covered_lines": 11, "num_statements": 11, "percent_covered": 100.0, "percent_covered_display": "100", "missing_lines": 0, "excluded_lines": 0}, "missing_lines": [], "excluded_lines": []}}}, "src\\komposos_core\\core\\adjunction.py": {"executed_lines": [4, 17, 18, 19, 21, 23, 27, 28, 29, 41, 42, 43, 44, 46, 151, 189, 196, 274], "summary": {"covered_lines": 15, "num_statements": 161, "percent_covered": 9.316770186335404, "percent_covered_display": "9", "missing_lines": 146, "excluded_lines": 2}, "missing_lines": [56, 57, 58, 59, 61, 69, 70, 71, 72, 73, 76, 77, 78, 79, 82, 83, 84, 85, 88, 89, 90, 91, 93, 94, 95, 96, 97, 100, 101, 102, 104, 105, 106, 107, 110, 111, 112, 113, 114, 117, 118, 119, 120, 123, 124, 125, 126, 129, 130, 131, 132, 134, 135, 136, 137, 138, 140, 141, 142, 144, 145, 146, 147, 149, 158, 159, 163, 164, 165, 166, 168, 172, 173, 176, 177, 178, 179, 180, 184, 185, 187, 190, 214, 215, 218, 219, 220, 221, 222, 223, 224, 225, 226, 227, 230, 231, 232, 233, 234, 235, 236, 237, 238, 239, 243, 246, 247, 248, 250, 258, 260, 261, 262, 264, 271, 299, 300, 303, 304, 305, 306, 309, 310, 311, 312, 313, 315, 316, 317, 318, 321, 322, 323, 324, 327, 328, 329, 330, 331, 332, 333, 334, 335, 337, 338, 340], "excluded_lines": [23, 24], "functions": {"Adjunction.verify": {"executed_lines": [], "summary": {"covered_lines": 0, "num_statements": 64, "percent_covered": 0.0, "percent_covered_display": "0", "missing_lines": 64, "excluded_lines": 0}, "missing_lines": [56, 57, 58, 59, 61, 69, 70, 71, 72, 73, 76, 77, 78, 79, 82, 83, 84, 85, 88, 89, 90, 91, 93, 94, 95, 96, 97, 100, 101, 102, 104, 105, 106, 107, 110, 111, 112, 113, 114, 117, 118, 119, 120, 123, 124, 125, 126, 129, 130, 131, 132, 134, 135, 136, 137, 138, 140, 141, 142, 144, 145, 146, 147, 149], "excluded_lines": []}, "Adjunction.is_equivalence": {"executed_lines": [], "summary": {"covered_lines": 0, "num_statements": 17, "percent_covered": 0.0, "percent_covered_display": "0", "missing_lines": 17, "excluded_lines": 0}, "missing_lines": [158, 159, 163, 164, 165, 166, 168, 172, 173, 176, 177, 178, 179, 180, 184, 185, 187], "excluded_lines": []}, "Adjunction.__repr__": {"executed_lines": [], "summary": {"covered_lines": 0, "num_statements": 1, "percent_covered": 0.0, "percent_covered_display": "0", "missing_lines": 1, "excluded_lines": 0}, "missing_lines": [190], "excluded_lines": []}, "adjunction_from_hom_iso": {"executed_lines": [], "summary": {"covered_lines": 0, "num_statements": 33, "percent_covered": 0.0, "percent_covered_display": "0", "missing_lines": 33, "excluded_lines": 0}, "missing_lines": [214, 215, 218, 219, 220, 221, 222, 223, 224, 225, 226, 227, 230, 231, 232, 233, 234, 235, 236, 237, 238, 239, 243, 246, 247, 248, 250, 258, 260, 261, 262, 264, 271], "excluded_lines": []}, "free_forgetful": {"executed_lines": [], "summary": {"covered_lines": 0, "num_statements": 31, "percent_covered": 0.0, "percent_covered_display": "0", "missing_lines": 31, "excluded_lines": 0}, "missing_lines": [299, 300, 303, 304, 305, 306, 309, 310, 311, 312, 313, 315, 316, 317, 318, 321, 322, 323, 324, 327, 328, 329, 330, 331, 332, 333, 334, 335, 337, 338, 340], "excluded_lines": []}, "": {"executed_lines": [4, 17, 18, 19, 21, 23, 27, 28, 29, 41, 42, 43, 44, 46, 151, 189, 196, 274], "summary": {"covered_lines": 15, "num_statements": 15, "percent_covered": 100.0, "percent_covered_display": "100", "missing_lines": 0, "excluded_lines": 2}, "missing_lines": [], "excluded_lines": [23, 24]}}, "classes": {"Adjunction": {"executed_lines": [], "summary": {"covered_lines": 0, "num_statements": 82, "percent_covered": 0.0, "percent_covered_display": "0", "missing_lines": 82, "excluded_lines": 0}, "missing_lines": [56, 57, 58, 59, 61, 69, 70, 71, 72, 73, 76, 77, 78, 79, 82, 83, 84, 85, 88, 89, 90, 91, 93, 94, 95, 96, 97, 100, 101, 102, 104, 105, 106, 107, 110, 111, 112, 113, 114, 117, 118, 119, 120, 123, 124, 125, 126, 129, 130, 131, 132, 134, 135, 136, 137, 138, 140, 141, 142, 144, 145, 146, 147, 149, 158, 159, 163, 164, 165, 166, 168, 172, 173, 176, 177, 178, 179, 180, 184, 185, 187, 190], "excluded_lines": []}, "": {"executed_lines": [4, 17, 18, 19, 21, 23, 27, 28, 29, 41, 42, 43, 44, 46, 151, 189, 196, 274], "summary": {"covered_lines": 15, "num_statements": 79, "percent_covered": 18.9873417721519, "percent_covered_display": "19", "missing_lines": 64, "excluded_lines": 2}, "missing_lines": [214, 215, 218, 219, 220, 221, 222, 223, 224, 225, 226, 227, 230, 231, 232, 233, 234, 235, 236, 237, 238, 239, 243, 246, 247, 248, 250, 258, 260, 261, 262, 264, 271, 299, 300, 303, 304, 305, 306, 309, 310, 311, 312, 313, 315, 316, 317, 318, 321, 322, 323, 324, 327, 328, 329, 330, 331, 332, 333, 334, 335, 337, 338, 340], "excluded_lines": [23, 24]}}}, "src\\komposos_core\\core\\bridge.py": {"executed_lines": [4, 21, 22, 23, 25, 26, 27, 30, 31, 52, 65, 66, 70, 71, 75, 76, 80, 92, 93, 97], "summary": {"covered_lines": 18, "num_statements": 40, "percent_covered": 45.0, "percent_covered_display": "45", "missing_lines": 22, "excluded_lines": 6}, "missing_lines": [59, 60, 63, 86, 89, 90, 95, 111, 113, 114, 117, 123, 124, 126, 127, 128, 134, 136, 137, 138, 145, 147], "excluded_lines": [68, 69, 73, 74, 78, 79], "functions": {"Bridge.__init__": {"executed_lines": [], "summary": {"covered_lines": 0, "num_statements": 3, "percent_covered": 0.0, "percent_covered_display": "0", "missing_lines": 3, "excluded_lines": 0}, "missing_lines": [59, 60, 63], "excluded_lines": []}, "Bridge.get_objects": {"executed_lines": [], "summary": {"covered_lines": 0, "num_statements": 0, "percent_covered": 100.0, "percent_covered_display": "100", "missing_lines": 0, "excluded_lines": 1}, "missing_lines": [], "excluded_lines": [68]}, "Bridge.get_morphisms": {"executed_lines": [], "summary": {"covered_lines": 0, "num_statements": 0, "percent_covered": 100.0, "percent_covered_display": "100", "missing_lines": 0, "excluded_lines": 1}, "missing_lines": [], "excluded_lines": [73]}, "Bridge.score_pair": {"executed_lines": [], "summary": {"covered_lines": 0, "num_statements": 0, "percent_covered": 100.0, "percent_covered_display": "100", "missing_lines": 0, "excluded_lines": 1}, "missing_lines": [], "excluded_lines": [78]}, "Bridge.load": {"executed_lines": [], "summary": {"covered_lines": 0, "num_statements": 3, "percent_covered": 0.0, "percent_covered_display": "0", "missing_lines": 3, "excluded_lines": 0}, "missing_lines": [86, 89, 90], "excluded_lines": []}, "Bridge.is_loaded": {"executed_lines": [], "summary": {"covered_lines": 0, "num_statements": 1, "percent_covered": 0.0, "percent_covered_display": "0", "missing_lines": 1, "excluded_lines": 0}, "missing_lines": [95], "excluded_lines": []}, "Bridge.as_functor": {"executed_lines": [], "summary": {"covered_lines": 0, "num_statements": 15, "percent_covered": 0.0, "percent_covered_display": "0", "missing_lines": 15, "excluded_lines": 0}, "missing_lines": [111, 113, 114, 117, 123, 124, 126, 127, 128, 134, 136, 137, 138, 145, 147], "excluded_lines": []}, "": {"executed_lines": [4, 21, 22, 23, 25, 26, 27, 30, 31, 52, 65, 66, 70, 71, 75, 76, 80, 92, 93, 97], "summary": {"covered_lines": 18, "num_statements": 18, "percent_covered": 100.0, "percent_covered_display": "100", "missing_lines": 0, "excluded_lines": 3}, "missing_lines": [], "excluded_lines": [69, 74, 79]}}, "classes": {"Bridge": {"executed_lines": [], "summary": {"covered_lines": 0, "num_statements": 22, "percent_covered": 0.0, "percent_covered_display": "0", "missing_lines": 22, "excluded_lines": 3}, "missing_lines": [59, 60, 63, 86, 89, 90, 95, 111, 113, 114, 117, 123, 124, 126, 127, 128, 134, 136, 137, 138, 145, 147], "excluded_lines": [68, 73, 78]}, "": {"executed_lines": [4, 21, 22, 23, 25, 26, 27, 30, 31, 52, 65, 66, 70, 71, 75, 76, 80, 92, 93, 97], "summary": {"covered_lines": 18, "num_statements": 18, "percent_covered": 100.0, "percent_covered_display": "100", "missing_lines": 0, "excluded_lines": 3}, "missing_lines": [], "excluded_lines": [69, 74, 79]}}}, "src\\komposos_core\\core\\category.py": {"executed_lines": [4, 22, 23, 24, 25, 26, 30, 31, 32, 33, 36, 37, 57, 63, 64, 65, 66, 69, 70, 71, 72, 73, 79, 86, 87, 88, 90, 91, 92, 94, 100, 102, 116, 146, 156, 164, 172, 180, 181, 182, 183, 184, 185, 186, 187, 188, 189, 191, 205, 213, 215, 225, 227, 232, 234, 239, 241, 242, 245, 256, 309, 313, 334, 354, 398, 496, 561, 591, 604, 617, 621, 635, 639, 647, 697, 702, 707, 712, 717, 722, 731, 734, 741], "summary": {"covered_lines": 81, "num_statements": 310, "percent_covered": 26.129032258064516, "percent_covered_display": "26", "missing_lines": 229, "excluded_lines": 0}, "missing_lines": [108, 109, 110, 111, 112, 113, 114, 122, 123, 124, 127, 131, 132, 133, 134, 135, 136, 137, 140, 142, 143, 144, 148, 149, 150, 165, 166, 168, 169, 170, 173, 174, 176, 177, 178, 217, 218, 219, 220, 221, 222, 223, 243, 247, 277, 278, 284, 287, 288, 289, 290, 292, 301, 302, 303, 311, 323, 324, 326, 327, 328, 329, 330, 331, 332, 340, 341, 342, 343, 344, 345, 346, 347, 348, 362, 364, 368, 369, 371, 372, 373, 374, 375, 376, 377, 383, 385, 386, 388, 389, 390, 396, 422, 423, 424, 425, 427, 428, 430, 431, 432, 433, 434, 435, 436, 437, 439, 442, 443, 444, 445, 447, 448, 449, 450, 452, 454, 455, 457, 458, 460, 461, 463, 464, 466, 467, 468, 469, 471, 472, 473, 474, 475, 476, 478, 479, 482, 483, 484, 485, 486, 487, 489, 490, 491, 493, 494, 509, 511, 512, 513, 514, 517, 518, 521, 522, 527, 528, 529, 533, 534, 535, 538, 539, 540, 542, 543, 545, 546, 551, 555, 572, 573, 574, 575, 577, 578, 579, 580, 582, 585, 593, 594, 595, 596, 597, 598, 611, 612, 613, 614, 615, 619, 623, 624, 625, 626, 627, 628, 629, 637, 641, 668, 670, 671, 672, 673, 674, 675, 676, 678, 682, 683, 685, 699, 700, 704, 705, 709, 710, 714, 715, 719, 720, 724, 725, 732, 735, 742], "excluded_lines": [], "functions": {"Category.__init__": {"executed_lines": [63, 64, 65, 66, 69, 70, 71, 72, 73], "summary": {"covered_lines": 9, "num_statements": 9, "percent_covered": 100.0, "percent_covered_display": "100", "missing_lines": 0, "excluded_lines": 0}, "missing_lines": [], "excluded_lines": []}, "Category.add_object": {"executed_lines": [86, 87, 88, 90, 91, 92], "summary": {"covered_lines": 6, "num_statements": 6, "percent_covered": 100.0, "percent_covered_display": "100", "missing_lines": 0, "excluded_lines": 0}, "missing_lines": [], "excluded_lines": []}, "Category.add": {"executed_lines": [100], "summary": {"covered_lines": 1, "num_statements": 1, "percent_covered": 100.0, "percent_covered_display": "100", "missing_lines": 0, "excluded_lines": 0}, "missing_lines": [], "excluded_lines": []}, "Category.get": {"executed_lines": [], "summary": {"covered_lines": 0, "num_statements": 7, "percent_covered": 0.0, "percent_covered_display": "0", "missing_lines": 7, "excluded_lines": 0}, "missing_lines": [108, 109, 110, 111, 112, 113, 114], "excluded_lines": []}, "Category.remove_object": {"executed_lines": [], "summary": {"covered_lines": 0, "num_statements": 15, "percent_covered": 0.0, "percent_covered_display": "0", "missing_lines": 15, "excluded_lines": 0}, "missing_lines": [122, 123, 124, 127, 131, 132, 133, 134, 135, 136, 137, 140, 142, 143, 144], "excluded_lines": []}, "Category.objects": {"executed_lines": [], "summary": {"covered_lines": 0, "num_statements": 3, "percent_covered": 0.0, "percent_covered_display": "0", "missing_lines": 3, "excluded_lines": 0}, "missing_lines": [148, 149, 150], "excluded_lines": []}, "Category.add_morphism": {"executed_lines": [164, 172, 180, 181, 182, 183, 184, 185, 186, 187, 188, 189], "summary": {"covered_lines": 12, "num_statements": 22, "percent_covered": 54.54545454545455, "percent_covered_display": "55", "missing_lines": 10, "excluded_lines": 0}, "missing_lines": [165, 166, 168, 169, 170, 173, 174, 176, 177, 178], "excluded_lines": []}, "Category.connect": {"executed_lines": [205, 213], "summary": {"covered_lines": 2, "num_statements": 2, "percent_covered": 100.0, "percent_covered_display": "100", "missing_lines": 0, "excluded_lines": 0}, "missing_lines": [], "excluded_lines": []}, "Category.get_morphism": {"executed_lines": [], "summary": {"covered_lines": 0, "num_statements": 7, "percent_covered": 0.0, "percent_covered_display": "0", "missing_lines": 7, "excluded_lines": 0}, "missing_lines": [217, 218, 219, 220, 221, 222, 223], "excluded_lines": []}, "Category.morphisms_from": {"executed_lines": [227], "summary": {"covered_lines": 1, "num_statements": 1, "percent_covered": 100.0, "percent_covered_display": "100", "missing_lines": 0, "excluded_lines": 0}, "missing_lines": [], "excluded_lines": []}, "Category.morphisms_to": {"executed_lines": [234], "summary": {"covered_lines": 1, "num_statements": 1, "percent_covered": 100.0, "percent_covered_display": "100", "missing_lines": 0, "excluded_lines": 0}, "missing_lines": [], "excluded_lines": []}, "Category.morphisms": {"executed_lines": [241, 242], "summary": {"covered_lines": 2, "num_statements": 3, "percent_covered": 66.66666666666667, "percent_covered_display": "67", "missing_lines": 1, "excluded_lines": 0}, "missing_lines": [243], "excluded_lines": []}, "Category.neighbors": {"executed_lines": [], "summary": {"covered_lines": 0, "num_statements": 1, "percent_covered": 0.0, "percent_covered_display": "0", "missing_lines": 1, "excluded_lines": 0}, "missing_lines": [247], "excluded_lines": []}, "Category.compose": {"executed_lines": [], "summary": {"covered_lines": 0, "num_statements": 11, "percent_covered": 0.0, "percent_covered_display": "0", "missing_lines": 11, "excluded_lines": 0}, "missing_lines": [277, 278, 284, 287, 288, 289, 290, 292, 301, 302, 303], "excluded_lines": []}, "Category.hom": {"executed_lines": [], "summary": {"covered_lines": 0, "num_statements": 1, "percent_covered": 0.0, "percent_covered_display": "0", "missing_lines": 1, "excluded_lines": 0}, "missing_lines": [311], "excluded_lines": []}, "Category.path_weight": {"executed_lines": [], "summary": {"covered_lines": 0, "num_statements": 9, "percent_covered": 0.0, "percent_covered_display": "0", "missing_lines": 9, "excluded_lines": 0}, "missing_lines": [323, 324, 326, 327, 328, 329, 330, 331, 332], "excluded_lines": []}, "Category.verify_composition_axiom": {"executed_lines": [], "summary": {"covered_lines": 0, "num_statements": 9, "percent_covered": 0.0, "percent_covered_display": "0", "missing_lines": 9, "excluded_lines": 0}, "missing_lines": [340, 341, 342, 343, 344, 345, 346, 347, 348], "excluded_lines": []}, "Category.find_paths": {"executed_lines": [], "summary": {"covered_lines": 0, "num_statements": 18, "percent_covered": 0.0, "percent_covered_display": "0", "missing_lines": 18, "excluded_lines": 0}, "missing_lines": [362, 364, 368, 369, 371, 372, 373, 374, 375, 376, 377, 383, 385, 386, 388, 389, 390, 396], "excluded_lines": []}, "Category.optimal_path": {"executed_lines": [], "summary": {"covered_lines": 0, "num_statements": 47, "percent_covered": 0.0, "percent_covered_display": "0", "missing_lines": 47, "excluded_lines": 0}, "missing_lines": [422, 423, 424, 425, 427, 428, 430, 442, 443, 444, 445, 447, 448, 449, 450, 452, 454, 455, 457, 458, 460, 461, 463, 464, 466, 467, 468, 469, 471, 472, 473, 474, 475, 476, 478, 479, 482, 483, 484, 485, 486, 487, 489, 490, 491, 493, 494], "excluded_lines": []}, "Category.optimal_path.edge_cost": {"executed_lines": [], "summary": {"covered_lines": 0, "num_statements": 8, "percent_covered": 0.0, "percent_covered_display": "0", "missing_lines": 8, "excluded_lines": 0}, "missing_lines": [431, 432, 433, 434, 435, 436, 437, 439], "excluded_lines": []}, "Category.top_k_paths": {"executed_lines": [], "summary": {"covered_lines": 0, "num_statements": 24, "percent_covered": 0.0, "percent_covered_display": "0", "missing_lines": 24, "excluded_lines": 0}, "missing_lines": [509, 511, 512, 513, 514, 517, 518, 521, 522, 527, 528, 529, 533, 534, 535, 538, 539, 540, 542, 543, 545, 546, 551, 555], "excluded_lines": []}, "Category.bulk_add": {"executed_lines": [], "summary": {"covered_lines": 0, "num_statements": 10, "percent_covered": 0.0, "percent_covered_display": "0", "missing_lines": 10, "excluded_lines": 0}, "missing_lines": [572, 573, 574, 575, 577, 578, 579, 580, 582, 585], "excluded_lines": []}, "Category.statistics": {"executed_lines": [], "summary": {"covered_lines": 0, "num_statements": 6, "percent_covered": 0.0, "percent_covered_display": "0", "missing_lines": 6, "excluded_lines": 0}, "missing_lines": [593, 594, 595, 596, 597, 598], "excluded_lines": []}, "Category.as_edges": {"executed_lines": [], "summary": {"covered_lines": 0, "num_statements": 5, "percent_covered": 0.0, "percent_covered_display": "0", "missing_lines": 5, "excluded_lines": 0}, "missing_lines": [611, 612, 613, 614, 615], "excluded_lines": []}, "Category.as_adjacency": {"executed_lines": [], "summary": {"covered_lines": 0, "num_statements": 1, "percent_covered": 0.0, "percent_covered_display": "0", "missing_lines": 1, "excluded_lines": 0}, "missing_lines": [619], "excluded_lines": []}, "Category.as_weighted_adjacency": {"executed_lines": [], "summary": {"covered_lines": 0, "num_statements": 7, "percent_covered": 0.0, "percent_covered_display": "0", "missing_lines": 7, "excluded_lines": 0}, "missing_lines": [623, 624, 625, 626, 627, 628, 629], "excluded_lines": []}, "Category.on": {"executed_lines": [], "summary": {"covered_lines": 0, "num_statements": 1, "percent_covered": 0.0, "percent_covered_display": "0", "missing_lines": 1, "excluded_lines": 0}, "missing_lines": [637], "excluded_lines": []}, "Category.off": {"executed_lines": [], "summary": {"covered_lines": 0, "num_statements": 1, "percent_covered": 0.0, "percent_covered_display": "0", "missing_lines": 1, "excluded_lines": 0}, "missing_lines": [641], "excluded_lines": []}, "Category.functor_to": {"executed_lines": [], "summary": {"covered_lines": 0, "num_statements": 12, "percent_covered": 0.0, "percent_covered_display": "0", "missing_lines": 12, "excluded_lines": 0}, "missing_lines": [668, 670, 671, 672, 673, 674, 675, 676, 678, 682, 683, 685], "excluded_lines": []}, "Category.product": {"executed_lines": [], "summary": {"covered_lines": 0, "num_statements": 2, "percent_covered": 0.0, "percent_covered_display": "0", "missing_lines": 2, "excluded_lines": 0}, "missing_lines": [699, 700], "excluded_lines": []}, "Category.coproduct": {"executed_lines": [], "summary": {"covered_lines": 0, "num_statements": 2, "percent_covered": 0.0, "percent_covered_display": "0", "missing_lines": 2, "excluded_lines": 0}, "missing_lines": [704, 705], "excluded_lines": []}, "Category.pullback": {"executed_lines": [], "summary": {"covered_lines": 0, "num_statements": 2, "percent_covered": 0.0, "percent_covered_display": "0", "missing_lines": 2, "excluded_lines": 0}, "missing_lines": [709, 710], "excluded_lines": []}, "Category.pushout": {"executed_lines": [], "summary": {"covered_lines": 0, "num_statements": 2, "percent_covered": 0.0, "percent_covered_display": "0", "missing_lines": 2, "excluded_lines": 0}, "missing_lines": [714, 715], "excluded_lines": []}, "Category.terminal": {"executed_lines": [], "summary": {"covered_lines": 0, "num_statements": 2, "percent_covered": 0.0, "percent_covered_display": "0", "missing_lines": 2, "excluded_lines": 0}, "missing_lines": [719, 720], "excluded_lines": []}, "Category.initial": {"executed_lines": [], "summary": {"covered_lines": 0, "num_statements": 2, "percent_covered": 0.0, "percent_covered_display": "0", "missing_lines": 2, "excluded_lines": 0}, "missing_lines": [724, 725], "excluded_lines": []}, "Category.__enter__": {"executed_lines": [], "summary": {"covered_lines": 0, "num_statements": 1, "percent_covered": 0.0, "percent_covered_display": "0", "missing_lines": 1, "excluded_lines": 0}, "missing_lines": [732], "excluded_lines": []}, "Category.__exit__": {"executed_lines": [], "summary": {"covered_lines": 0, "num_statements": 1, "percent_covered": 0.0, "percent_covered_display": "0", "missing_lines": 1, "excluded_lines": 0}, "missing_lines": [735], "excluded_lines": []}, "Category.__repr__": {"executed_lines": [], "summary": {"covered_lines": 0, "num_statements": 1, "percent_covered": 0.0, "percent_covered_display": "0", "missing_lines": 1, "excluded_lines": 0}, "missing_lines": [742], "excluded_lines": []}, "": {"executed_lines": [4, 22, 23, 24, 25, 26, 30, 31, 32, 33, 36, 37, 57, 79, 94, 102, 116, 146, 156, 191, 215, 225, 232, 239, 245, 256, 309, 313, 334, 354, 398, 496, 561, 591, 604, 617, 621, 635, 639, 647, 697, 702, 707, 712, 717, 722, 731, 734, 741], "summary": {"covered_lines": 47, "num_statements": 47, "percent_covered": 100.0, "percent_covered_display": "100", "missing_lines": 0, "excluded_lines": 0}, "missing_lines": [], "excluded_lines": []}}, "classes": {"Category": {"executed_lines": [63, 64, 65, 66, 69, 70, 71, 72, 73, 86, 87, 88, 90, 91, 92, 100, 164, 172, 180, 181, 182, 183, 184, 185, 186, 187, 188, 189, 205, 213, 227, 234, 241, 242], "summary": {"covered_lines": 34, "num_statements": 263, "percent_covered": 12.927756653992395, "percent_covered_display": "13", "missing_lines": 229, "excluded_lines": 0}, "missing_lines": [108, 109, 110, 111, 112, 113, 114, 122, 123, 124, 127, 131, 132, 133, 134, 135, 136, 137, 140, 142, 143, 144, 148, 149, 150, 165, 166, 168, 169, 170, 173, 174, 176, 177, 178, 217, 218, 219, 220, 221, 222, 223, 243, 247, 277, 278, 284, 287, 288, 289, 290, 292, 301, 302, 303, 311, 323, 324, 326, 327, 328, 329, 330, 331, 332, 340, 341, 342, 343, 344, 345, 346, 347, 348, 362, 364, 368, 369, 371, 372, 373, 374, 375, 376, 377, 383, 385, 386, 388, 389, 390, 396, 422, 423, 424, 425, 427, 428, 430, 431, 432, 433, 434, 435, 436, 437, 439, 442, 443, 444, 445, 447, 448, 449, 450, 452, 454, 455, 457, 458, 460, 461, 463, 464, 466, 467, 468, 469, 471, 472, 473, 474, 475, 476, 478, 479, 482, 483, 484, 485, 486, 487, 489, 490, 491, 493, 494, 509, 511, 512, 513, 514, 517, 518, 521, 522, 527, 528, 529, 533, 534, 535, 538, 539, 540, 542, 543, 545, 546, 551, 555, 572, 573, 574, 575, 577, 578, 579, 580, 582, 585, 593, 594, 595, 596, 597, 598, 611, 612, 613, 614, 615, 619, 623, 624, 625, 626, 627, 628, 629, 637, 641, 668, 670, 671, 672, 673, 674, 675, 676, 678, 682, 683, 685, 699, 700, 704, 705, 709, 710, 714, 715, 719, 720, 724, 725, 732, 735, 742], "excluded_lines": []}, "": {"executed_lines": [4, 22, 23, 24, 25, 26, 30, 31, 32, 33, 36, 37, 57, 79, 94, 102, 116, 146, 156, 191, 215, 225, 232, 239, 245, 256, 309, 313, 334, 354, 398, 496, 561, 591, 604, 617, 621, 635, 639, 647, 697, 702, 707, 712, 717, 722, 731, 734, 741], "summary": {"covered_lines": 47, "num_statements": 47, "percent_covered": 100.0, "percent_covered_display": "100", "missing_lines": 0, "excluded_lines": 0}, "missing_lines": [], "excluded_lines": []}}}, "src\\komposos_core\\core\\enrichment.py": {"executed_lines": [4, 20, 21, 23, 26, 27, 28, 41, 42, 43, 44, 51, 57, 60, 66, 69, 75, 78, 84, 87, 93, 101, 110], "summary": {"covered_lines": 21, "num_statements": 24, "percent_covered": 87.5, "percent_covered_display": "88", "missing_lines": 3, "excluded_lines": 0}, "missing_lines": [124, 125, 129], "excluded_lines": [], "functions": {"get_quantale": {"executed_lines": [], "summary": {"covered_lines": 0, "num_statements": 3, "percent_covered": 0.0, "percent_covered_display": "0", "missing_lines": 3, "excluded_lines": 0}, "missing_lines": [124, 125, 129], "excluded_lines": []}, "": {"executed_lines": [4, 20, 21, 23, 26, 27, 28, 41, 42, 43, 44, 51, 57, 60, 66, 69, 75, 78, 84, 87, 93, 101, 110], "summary": {"covered_lines": 21, "num_statements": 21, "percent_covered": 100.0, "percent_covered_display": "100", "missing_lines": 0, "excluded_lines": 0}, "missing_lines": [], "excluded_lines": []}}, "classes": {"MonoidalStructure": {"executed_lines": [], "summary": {"covered_lines": 0, "num_statements": 0, "percent_covered": 100.0, "percent_covered_display": "100", "missing_lines": 0, "excluded_lines": 0}, "missing_lines": [], "excluded_lines": []}, "": {"executed_lines": [4, 20, 21, 23, 26, 27, 28, 41, 42, 43, 44, 51, 57, 60, 66, 69, 75, 78, 84, 87, 93, 101, 110], "summary": {"covered_lines": 21, "num_statements": 24, "percent_covered": 87.5, "percent_covered_display": "88", "missing_lines": 3, "excluded_lines": 0}, "missing_lines": [124, 125, 129], "excluded_lines": []}}}, "src\\komposos_core\\core\\formal_yoneda.py": {"executed_lines": [4, 25, 27, 28, 30, 34, 35, 36, 42, 43, 44, 45, 46, 47, 48, 49, 51, 60, 61, 77, 85, 178, 205, 243, 274, 303, 343], "summary": {"covered_lines": 23, "num_statements": 91, "percent_covered": 25.274725274725274, "percent_covered_display": "25", "missing_lines": 68, "excluded_lines": 2}, "missing_lines": [57, 82, 83, 102, 103, 104, 106, 109, 112, 113, 116, 119, 124, 127, 132, 133, 136, 140, 145, 150, 153, 155, 158, 162, 173, 174, 188, 189, 190, 191, 192, 194, 195, 197, 199, 201, 223, 224, 225, 228, 234, 239, 252, 256, 261, 262, 265, 266, 269, 270, 286, 287, 288, 290, 294, 299, 314, 316, 326, 327, 329, 330, 331, 335, 340, 357, 358, 359], "excluded_lines": [30, 31], "functions": {"YonedaProofResult.can_transfer": {"executed_lines": [], "summary": {"covered_lines": 0, "num_statements": 1, "percent_covered": 0.0, "percent_covered_display": "0", "missing_lines": 1, "excluded_lines": 0}, "missing_lines": [57], "excluded_lines": []}, "YonedaProver.__init__": {"executed_lines": [], "summary": {"covered_lines": 0, "num_statements": 2, "percent_covered": 0.0, "percent_covered_display": "0", "missing_lines": 2, "excluded_lines": 0}, "missing_lines": [82, 83], "excluded_lines": []}, "YonedaProver.prove_yoneda": {"executed_lines": [], "summary": {"covered_lines": 0, "num_statements": 23, "percent_covered": 0.0, "percent_covered_display": "0", "missing_lines": 23, "excluded_lines": 0}, "missing_lines": [102, 103, 104, 106, 109, 112, 113, 116, 119, 124, 127, 132, 133, 136, 140, 145, 150, 153, 155, 158, 162, 173, 174], "excluded_lines": []}, "YonedaProver._representable_presheaf": {"executed_lines": [], "summary": {"covered_lines": 0, "num_statements": 10, "percent_covered": 0.0, "percent_covered_display": "0", "missing_lines": 10, "excluded_lines": 0}, "missing_lines": [188, 189, 190, 191, 192, 194, 195, 197, 199, 201], "excluded_lines": []}, "YonedaProver._sieve_symmetric_distance": {"executed_lines": [], "summary": {"covered_lines": 0, "num_statements": 6, "percent_covered": 0.0, "percent_covered_display": "0", "missing_lines": 6, "excluded_lines": 0}, "missing_lines": [223, 224, 225, 228, 234, 239], "excluded_lines": []}, "YonedaProver._check_isomorphism": {"executed_lines": [], "summary": {"covered_lines": 0, "num_statements": 8, "percent_covered": 0.0, "percent_covered_display": "0", "missing_lines": 8, "excluded_lines": 0}, "missing_lines": [252, 256, 261, 262, 265, 266, 269, 270], "excluded_lines": []}, "YonedaProver._presheaf_overlap": {"executed_lines": [], "summary": {"covered_lines": 0, "num_statements": 6, "percent_covered": 0.0, "percent_covered_display": "0", "missing_lines": 6, "excluded_lines": 0}, "missing_lines": [286, 287, 288, 290, 294, 299], "excluded_lines": []}, "YonedaProver.report": {"executed_lines": [], "summary": {"covered_lines": 0, "num_statements": 9, "percent_covered": 0.0, "percent_covered_display": "0", "missing_lines": 9, "excluded_lines": 0}, "missing_lines": [314, 316, 326, 327, 329, 330, 331, 335, 340], "excluded_lines": []}, "yoneda_transfer_threshold": {"executed_lines": [], "summary": {"covered_lines": 0, "num_statements": 3, "percent_covered": 0.0, "percent_covered_display": "0", "missing_lines": 3, "excluded_lines": 0}, "missing_lines": [357, 358, 359], "excluded_lines": []}, "": {"executed_lines": [4, 25, 27, 28, 30, 34, 35, 36, 42, 43, 44, 45, 46, 47, 48, 49, 51, 60, 61, 77, 85, 178, 205, 243, 274, 303, 343], "summary": {"covered_lines": 23, "num_statements": 23, "percent_covered": 100.0, "percent_covered_display": "100", "missing_lines": 0, "excluded_lines": 2}, "missing_lines": [], "excluded_lines": [30, 31]}}, "classes": {"YonedaProofResult": {"executed_lines": [], "summary": {"covered_lines": 0, "num_statements": 1, "percent_covered": 0.0, "percent_covered_display": "0", "missing_lines": 1, "excluded_lines": 0}, "missing_lines": [57], "excluded_lines": []}, "YonedaProver": {"executed_lines": [], "summary": {"covered_lines": 0, "num_statements": 64, "percent_covered": 0.0, "percent_covered_display": "0", "missing_lines": 64, "excluded_lines": 0}, "missing_lines": [82, 83, 102, 103, 104, 106, 109, 112, 113, 116, 119, 124, 127, 132, 133, 136, 140, 145, 150, 153, 155, 158, 162, 173, 174, 188, 189, 190, 191, 192, 194, 195, 197, 199, 201, 223, 224, 225, 228, 234, 239, 252, 256, 261, 262, 265, 266, 269, 270, 286, 287, 288, 290, 294, 299, 314, 316, 326, 327, 329, 330, 331, 335, 340], "excluded_lines": []}, "": {"executed_lines": [4, 25, 27, 28, 30, 34, 35, 36, 42, 43, 44, 45, 46, 47, 48, 49, 51, 60, 61, 77, 85, 178, 205, 243, 274, 303, 343], "summary": {"covered_lines": 23, "num_statements": 26, "percent_covered": 88.46153846153847, "percent_covered_display": "88", "missing_lines": 3, "excluded_lines": 2}, "missing_lines": [357, 358, 359], "excluded_lines": [30, 31]}}}, "src\\komposos_core\\core\\functor.py": {"executed_lines": [4, 16, 17, 18, 20, 22, 26, 27, 28, 41, 42, 43, 44, 45, 47, 68, 72, 76, 146, 180, 204, 221, 225, 232, 233, 234, 247, 248, 249, 250, 252, 262, 263, 267, 268, 272, 327, 364, 420], "summary": {"covered_lines": 35, "num_statements": 214, "percent_covered": 16.35514018691589, "percent_covered_display": "16", "missing_lines": 179, "excluded_lines": 2}, "missing_lines": [49, 50, 51, 52, 53, 54, 55, 56, 57, 58, 59, 60, 61, 62, 63, 64, 66, 70, 74, 86, 94, 95, 96, 97, 98, 101, 102, 103, 104, 105, 106, 108, 109, 110, 111, 114, 115, 116, 117, 119, 120, 121, 122, 125, 126, 127, 129, 130, 131, 132, 133, 134, 137, 138, 139, 140, 141, 142, 144, 152, 153, 159, 160, 161, 162, 163, 166, 167, 168, 169, 170, 172, 188, 189, 190, 191, 193, 194, 195, 196, 197, 198, 199, 200, 201, 202, 210, 212, 213, 215, 216, 217, 218, 219, 223, 226, 253, 254, 257, 258, 265, 270, 280, 281, 282, 284, 285, 288, 289, 290, 291, 293, 294, 295, 296, 299, 300, 301, 302, 304, 305, 306, 307, 311, 312, 314, 315, 319, 320, 322, 323, 325, 334, 335, 339, 340, 342, 343, 344, 345, 346, 348, 349, 350, 351, 354, 355, 357, 373, 374, 375, 376, 379, 380, 382, 383, 385, 386, 387, 388, 389, 390, 393, 394, 395, 396, 397, 398, 400, 401, 402, 405, 406, 407, 408, 410, 411, 413, 421], "excluded_lines": [22, 23], "functions": {"Functor.__call__": {"executed_lines": [], "summary": {"covered_lines": 0, "num_statements": 17, "percent_covered": 0.0, "percent_covered_display": "0", "missing_lines": 17, "excluded_lines": 0}, "missing_lines": [49, 50, 51, 52, 53, 54, 55, 56, 57, 58, 59, 60, 61, 62, 63, 64, 66], "excluded_lines": []}, "Functor.map_object": {"executed_lines": [], "summary": {"covered_lines": 0, "num_statements": 1, "percent_covered": 0.0, "percent_covered_display": "0", "missing_lines": 1, "excluded_lines": 0}, "missing_lines": [70], "excluded_lines": []}, "Functor.map_morphism": {"executed_lines": [], "summary": {"covered_lines": 0, "num_statements": 1, "percent_covered": 0.0, "percent_covered_display": "0", "missing_lines": 1, "excluded_lines": 0}, "missing_lines": [74], "excluded_lines": []}, "Functor.verify": {"executed_lines": [], "summary": {"covered_lines": 0, "num_statements": 40, "percent_covered": 0.0, "percent_covered_display": "0", "missing_lines": 40, "excluded_lines": 0}, "missing_lines": [86, 94, 95, 96, 97, 98, 101, 102, 103, 104, 105, 106, 108, 109, 110, 111, 114, 115, 116, 117, 119, 120, 121, 122, 125, 126, 127, 129, 130, 131, 132, 133, 134, 137, 138, 139, 140, 141, 142, 144], "excluded_lines": []}, "Functor.compose": {"executed_lines": [], "summary": {"covered_lines": 0, "num_statements": 13, "percent_covered": 0.0, "percent_covered_display": "0", "missing_lines": 13, "excluded_lines": 0}, "missing_lines": [152, 153, 159, 160, 161, 162, 163, 166, 167, 168, 169, 170, 172], "excluded_lines": []}, "Functor.is_faithful": {"executed_lines": [], "summary": {"covered_lines": 0, "num_statements": 14, "percent_covered": 0.0, "percent_covered_display": "0", "missing_lines": 14, "excluded_lines": 0}, "missing_lines": [188, 189, 190, 191, 193, 194, 195, 196, 197, 198, 199, 200, 201, 202], "excluded_lines": []}, "Functor.is_full": {"executed_lines": [], "summary": {"covered_lines": 0, "num_statements": 8, "percent_covered": 0.0, "percent_covered_display": "0", "missing_lines": 8, "excluded_lines": 0}, "missing_lines": [210, 212, 213, 215, 216, 217, 218, 219], "excluded_lines": []}, "Functor.is_embedding": {"executed_lines": [], "summary": {"covered_lines": 0, "num_statements": 1, "percent_covered": 0.0, "percent_covered_display": "0", "missing_lines": 1, "excluded_lines": 0}, "missing_lines": [223], "excluded_lines": []}, "Functor.__repr__": {"executed_lines": [], "summary": {"covered_lines": 0, "num_statements": 1, "percent_covered": 0.0, "percent_covered_display": "0", "missing_lines": 1, "excluded_lines": 0}, "missing_lines": [226], "excluded_lines": []}, "NaturalTransformation.__post_init__": {"executed_lines": [], "summary": {"covered_lines": 0, "num_statements": 4, "percent_covered": 0.0, "percent_covered_display": "0", "missing_lines": 4, "excluded_lines": 0}, "missing_lines": [253, 254, 257, 258], "excluded_lines": []}, "NaturalTransformation.domain": {"executed_lines": [], "summary": {"covered_lines": 0, "num_statements": 1, "percent_covered": 0.0, "percent_covered_display": "0", "missing_lines": 1, "excluded_lines": 0}, "missing_lines": [265], "excluded_lines": []}, "NaturalTransformation.codomain": {"executed_lines": [], "summary": {"covered_lines": 0, "num_statements": 1, "percent_covered": 0.0, "percent_covered_display": "0", "missing_lines": 1, "excluded_lines": 0}, "missing_lines": [270], "excluded_lines": []}, "NaturalTransformation.verify": {"executed_lines": [], "summary": {"covered_lines": 0, "num_statements": 30, "percent_covered": 0.0, "percent_covered_display": "0", "missing_lines": 30, "excluded_lines": 0}, "missing_lines": [280, 281, 282, 284, 285, 288, 289, 290, 291, 293, 294, 295, 296, 299, 300, 301, 302, 304, 305, 306, 307, 311, 312, 314, 315, 319, 320, 322, 323, 325], "excluded_lines": []}, "NaturalTransformation.compose": {"executed_lines": [], "summary": {"covered_lines": 0, "num_statements": 16, "percent_covered": 0.0, "percent_covered_display": "0", "missing_lines": 16, "excluded_lines": 0}, "missing_lines": [334, 335, 339, 340, 342, 343, 344, 345, 346, 348, 349, 350, 351, 354, 355, 357], "excluded_lines": []}, "NaturalTransformation.horizontal_compose": {"executed_lines": [], "summary": {"covered_lines": 0, "num_statements": 30, "percent_covered": 0.0, "percent_covered_display": "0", "missing_lines": 30, "excluded_lines": 0}, "missing_lines": [373, 374, 375, 376, 379, 380, 382, 383, 385, 386, 387, 388, 389, 390, 393, 394, 395, 396, 397, 398, 400, 401, 402, 405, 406, 407, 408, 410, 411, 413], "excluded_lines": []}, "NaturalTransformation.__repr__": {"executed_lines": [], "summary": {"covered_lines": 0, "num_statements": 1, "percent_covered": 0.0, "percent_covered_display": "0", "missing_lines": 1, "excluded_lines": 0}, "missing_lines": [421], "excluded_lines": []}, "": {"executed_lines": [4, 16, 17, 18, 20, 22, 26, 27, 28, 41, 42, 43, 44, 45, 47, 68, 72, 76, 146, 180, 204, 221, 225, 232, 233, 234, 247, 248, 249, 250, 252, 262, 263, 267, 268, 272, 327, 364, 420], "summary": {"covered_lines": 35, "num_statements": 35, "percent_covered": 100.0, "percent_covered_display": "100", "missing_lines": 0, "excluded_lines": 2}, "missing_lines": [], "excluded_lines": [22, 23]}}, "classes": {"Functor": {"executed_lines": [], "summary": {"covered_lines": 0, "num_statements": 96, "percent_covered": 0.0, "percent_covered_display": "0", "missing_lines": 96, "excluded_lines": 0}, "missing_lines": [49, 50, 51, 52, 53, 54, 55, 56, 57, 58, 59, 60, 61, 62, 63, 64, 66, 70, 74, 86, 94, 95, 96, 97, 98, 101, 102, 103, 104, 105, 106, 108, 109, 110, 111, 114, 115, 116, 117, 119, 120, 121, 122, 125, 126, 127, 129, 130, 131, 132, 133, 134, 137, 138, 139, 140, 141, 142, 144, 152, 153, 159, 160, 161, 162, 163, 166, 167, 168, 169, 170, 172, 188, 189, 190, 191, 193, 194, 195, 196, 197, 198, 199, 200, 201, 202, 210, 212, 213, 215, 216, 217, 218, 219, 223, 226], "excluded_lines": []}, "NaturalTransformation": {"executed_lines": [], "summary": {"covered_lines": 0, "num_statements": 83, "percent_covered": 0.0, "percent_covered_display": "0", "missing_lines": 83, "excluded_lines": 0}, "missing_lines": [253, 254, 257, 258, 265, 270, 280, 281, 282, 284, 285, 288, 289, 290, 291, 293, 294, 295, 296, 299, 300, 301, 302, 304, 305, 306, 307, 311, 312, 314, 315, 319, 320, 322, 323, 325, 334, 335, 339, 340, 342, 343, 344, 345, 346, 348, 349, 350, 351, 354, 355, 357, 373, 374, 375, 376, 379, 380, 382, 383, 385, 386, 387, 388, 389, 390, 393, 394, 395, 396, 397, 398, 400, 401, 402, 405, 406, 407, 408, 410, 411, 413, 421], "excluded_lines": []}, "": {"executed_lines": [4, 16, 17, 18, 20, 22, 26, 27, 28, 41, 42, 43, 44, 45, 47, 68, 72, 76, 146, 180, 204, 221, 225, 232, 233, 234, 247, 248, 249, 250, 252, 262, 263, 267, 268, 272, 327, 364, 420], "summary": {"covered_lines": 35, "num_statements": 35, "percent_covered": 100.0, "percent_covered_display": "100", "missing_lines": 0, "excluded_lines": 2}, "missing_lines": [], "excluded_lines": [22, 23]}}}, "src\\komposos_core\\core\\higher_order_optimus.py": {"executed_lines": [4, 30, 32, 33, 34, 35, 36, 39, 40, 41, 43, 49, 50, 51, 60, 61, 62, 63, 66, 67, 77, 95, 126, 165, 187, 222, 258, 289, 316, 347, 432, 433], "summary": {"covered_lines": 29, "num_statements": 131, "percent_covered": 22.137404580152673, "percent_covered_display": "22", "missing_lines": 102, "excluded_lines": 0}, "missing_lines": [89, 90, 91, 105, 106, 108, 109, 110, 112, 116, 117, 121, 122, 124, 133, 134, 137, 139, 141, 142, 144, 147, 148, 149, 151, 152, 153, 163, 175, 176, 177, 178, 185, 197, 198, 199, 201, 202, 204, 214, 215, 216, 218, 231, 232, 233, 234, 238, 243, 245, 249, 256, 268, 269, 270, 272, 274, 284, 285, 299, 303, 307, 314, 326, 327, 328, 330, 332, 342, 343, 377, 380, 381, 382, 384, 385, 388, 389, 390, 391, 392, 393, 394, 395, 396, 397, 399, 403, 406, 407, 408, 409, 411, 417, 418, 419, 420, 422, 427, 428, 430, 435], "excluded_lines": [], "functions": {"HigherOrderOptimus.__init__": {"executed_lines": [], "summary": {"covered_lines": 0, "num_statements": 3, "percent_covered": 0.0, "percent_covered_display": "0", "missing_lines": 3, "excluded_lines": 0}, "missing_lines": [89, 90, 91], "excluded_lines": []}, "HigherOrderOptimus.factorize_two_cell": {"executed_lines": [], "summary": {"covered_lines": 0, "num_statements": 11, "percent_covered": 0.0, "percent_covered_display": "0", "missing_lines": 11, "excluded_lines": 0}, "missing_lines": [105, 106, 108, 109, 110, 112, 116, 117, 121, 122, 124], "excluded_lines": []}, "HigherOrderOptimus._vertical_factorize": {"executed_lines": [], "summary": {"covered_lines": 0, "num_statements": 14, "percent_covered": 0.0, "percent_covered_display": "0", "missing_lines": 14, "excluded_lines": 0}, "missing_lines": [133, 134, 137, 139, 141, 142, 144, 147, 148, 149, 151, 152, 153, 163], "excluded_lines": []}, "HigherOrderOptimus._horizontal_factorize": {"executed_lines": [], "summary": {"covered_lines": 0, "num_statements": 5, "percent_covered": 0.0, "percent_covered_display": "0", "missing_lines": 5, "excluded_lines": 0}, "missing_lines": [175, 176, 177, 178, 185], "excluded_lines": []}, "HigherOrderOptimus.refine_two_cell": {"executed_lines": [], "summary": {"covered_lines": 0, "num_statements": 10, "percent_covered": 0.0, "percent_covered_display": "0", "missing_lines": 10, "excluded_lines": 0}, "missing_lines": [197, 198, 199, 201, 202, 204, 214, 215, 216, 218], "excluded_lines": []}, "HigherOrderOptimus.factorize_fibration": {"executed_lines": [], "summary": {"covered_lines": 0, "num_statements": 9, "percent_covered": 0.0, "percent_covered_display": "0", "missing_lines": 9, "excluded_lines": 0}, "missing_lines": [231, 232, 233, 234, 238, 243, 245, 249, 256], "excluded_lines": []}, "HigherOrderOptimus.refine_fibration": {"executed_lines": [], "summary": {"covered_lines": 0, "num_statements": 7, "percent_covered": 0.0, "percent_covered_display": "0", "missing_lines": 7, "excluded_lines": 0}, "missing_lines": [268, 269, 270, 272, 274, 284, 285], "excluded_lines": []}, "HigherOrderOptimus.factorize_functor": {"executed_lines": [], "summary": {"covered_lines": 0, "num_statements": 4, "percent_covered": 0.0, "percent_covered_display": "0", "missing_lines": 4, "excluded_lines": 0}, "missing_lines": [299, 303, 307, 314], "excluded_lines": []}, "HigherOrderOptimus.refine_functor": {"executed_lines": [], "summary": {"covered_lines": 0, "num_statements": 7, "percent_covered": 0.0, "percent_covered_display": "0", "missing_lines": 7, "excluded_lines": 0}, "missing_lines": [326, 327, 328, 330, 332, 342, 343], "excluded_lines": []}, "HigherOrderOptimus.descend_all": {"executed_lines": [], "summary": {"covered_lines": 0, "num_statements": 31, "percent_covered": 0.0, "percent_covered_display": "0", "missing_lines": 31, "excluded_lines": 0}, "missing_lines": [377, 380, 381, 382, 384, 385, 388, 389, 390, 391, 392, 393, 394, 395, 396, 397, 399, 403, 406, 407, 408, 409, 411, 417, 418, 419, 420, 422, 427, 428, 430], "excluded_lines": []}, "HigherOrderOptimus.higher_rewrites": {"executed_lines": [], "summary": {"covered_lines": 0, "num_statements": 1, "percent_covered": 0.0, "percent_covered_display": "0", "missing_lines": 1, "excluded_lines": 0}, "missing_lines": [435], "excluded_lines": []}, "": {"executed_lines": [4, 30, 32, 33, 34, 35, 36, 39, 40, 41, 43, 49, 50, 51, 60, 61, 62, 63, 66, 67, 77, 95, 126, 165, 187, 222, 258, 289, 316, 347, 432, 433], "summary": {"covered_lines": 29, "num_statements": 29, "percent_covered": 100.0, "percent_covered_display": "100", "missing_lines": 0, "excluded_lines": 0}, "missing_lines": [], "excluded_lines": []}}, "classes": {"HigherOrderRewrite": {"executed_lines": [], "summary": {"covered_lines": 0, "num_statements": 0, "percent_covered": 100.0, "percent_covered_display": "100", "missing_lines": 0, "excluded_lines": 0}, "missing_lines": [], "excluded_lines": []}, "HigherOrderOptimus": {"executed_lines": [], "summary": {"covered_lines": 0, "num_statements": 102, "percent_covered": 0.0, "percent_covered_display": "0", "missing_lines": 102, "excluded_lines": 0}, "missing_lines": [89, 90, 91, 105, 106, 108, 109, 110, 112, 116, 117, 121, 122, 124, 133, 134, 137, 139, 141, 142, 144, 147, 148, 149, 151, 152, 153, 163, 175, 176, 177, 178, 185, 197, 198, 199, 201, 202, 204, 214, 215, 216, 218, 231, 232, 233, 234, 238, 243, 245, 249, 256, 268, 269, 270, 272, 274, 284, 285, 299, 303, 307, 314, 326, 327, 328, 330, 332, 342, 343, 377, 380, 381, 382, 384, 385, 388, 389, 390, 391, 392, 393, 394, 395, 396, 397, 399, 403, 406, 407, 408, 409, 411, 417, 418, 419, 420, 422, 427, 428, 430, 435], "excluded_lines": []}, "": {"executed_lines": [4, 30, 32, 33, 34, 35, 36, 39, 40, 41, 43, 49, 50, 51, 60, 61, 62, 63, 66, 67, 77, 95, 126, 165, 187, 222, 258, 289, 316, 347, 432, 433], "summary": {"covered_lines": 29, "num_statements": 29, "percent_covered": 100.0, "percent_covered_display": "100", "missing_lines": 0, "excluded_lines": 0}, "missing_lines": [], "excluded_lines": []}}}, "src\\komposos_core\\core\\hooks.py": {"executed_lines": [4, 21, 22, 23, 27, 38, 39, 51, 52, 54, 65, 83, 94, 97, 110, 111], "summary": {"covered_lines": 14, "num_statements": 26, "percent_covered": 53.84615384615385, "percent_covered_display": "54", "missing_lines": 12, "excluded_lines": 0}, "missing_lines": [63, 76, 77, 78, 79, 80, 81, 95, 105, 106, 108, 113], "excluded_lines": [], "functions": {"HookRegistry.__init__": {"executed_lines": [52], "summary": {"covered_lines": 1, "num_statements": 1, "percent_covered": 100.0, "percent_covered_display": "100", "missing_lines": 0, "excluded_lines": 0}, "missing_lines": [], "excluded_lines": []}, "HookRegistry.on": {"executed_lines": [], "summary": {"covered_lines": 0, "num_statements": 1, "percent_covered": 0.0, "percent_covered_display": "0", "missing_lines": 1, "excluded_lines": 0}, "missing_lines": [63], "excluded_lines": []}, "HookRegistry.off": {"executed_lines": [], "summary": {"covered_lines": 0, "num_statements": 6, "percent_covered": 0.0, "percent_covered_display": "0", "missing_lines": 6, "excluded_lines": 0}, "missing_lines": [76, 77, 78, 79, 80, 81], "excluded_lines": []}, "HookRegistry.fire": {"executed_lines": [94], "summary": {"covered_lines": 1, "num_statements": 2, "percent_covered": 50.0, "percent_covered_display": "50", "missing_lines": 1, "excluded_lines": 0}, "missing_lines": [95], "excluded_lines": []}, "HookRegistry.clear": {"executed_lines": [], "summary": {"covered_lines": 0, "num_statements": 3, "percent_covered": 0.0, "percent_covered_display": "0", "missing_lines": 3, "excluded_lines": 0}, "missing_lines": [105, 106, 108], "excluded_lines": []}, "HookRegistry.count": {"executed_lines": [], "summary": {"covered_lines": 0, "num_statements": 1, "percent_covered": 0.0, "percent_covered_display": "0", "missing_lines": 1, "excluded_lines": 0}, "missing_lines": [113], "excluded_lines": []}, "": {"executed_lines": [4, 21, 22, 23, 27, 38, 39, 51, 54, 65, 83, 97, 110, 111], "summary": {"covered_lines": 12, "num_statements": 12, "percent_covered": 100.0, "percent_covered_display": "100", "missing_lines": 0, "excluded_lines": 0}, "missing_lines": [], "excluded_lines": []}}, "classes": {"HookRegistry": {"executed_lines": [52, 94], "summary": {"covered_lines": 2, "num_statements": 14, "percent_covered": 14.285714285714286, "percent_covered_display": "14", "missing_lines": 12, "excluded_lines": 0}, "missing_lines": [63, 76, 77, 78, 79, 80, 81, 95, 105, 106, 108, 113], "excluded_lines": []}, "": {"executed_lines": [4, 21, 22, 23, 27, 38, 39, 51, 54, 65, 83, 97, 110, 111], "summary": {"covered_lines": 12, "num_statements": 12, "percent_covered": 100.0, "percent_covered_display": "100", "missing_lines": 0, "excluded_lines": 0}, "missing_lines": [], "excluded_lines": []}}}, "src\\komposos_core\\core\\limits.py": {"executed_lines": [4, 17, 18, 2
[...]
operadum\\wright\\engine.py": {"executed_lines": [4, 24, 25, 27, 28, 29, 30, 31, 34, 35, 40, 41, 42, 43, 44, 47, 53, 60, 62, 63, 64, 65, 66, 67, 68, 69, 80, 81, 85, 87, 96, 97, 99, 111, 112, 113, 115, 116, 119, 120, 121, 122, 124, 125, 126, 128, 141, 143, 144, 145, 146, 147, 148, 150, 152, 153, 154, 155, 157, 158, 159, 162, 163, 164, 166, 172, 173, 174, 176, 178, 179, 180, 181, 184, 185, 186, 187, 189, 190, 191, 193, 194, 196, 203, 204, 205, 206, 207, 208, 209, 210, 211, 212, 213, 216, 217, 218, 220, 226, 227, 229, 230, 231, 232, 234, 236, 237, 238, 248, 250, 251, 252, 260, 261, 262, 270, 271, 276, 286, 287, 289, 290, 291, 301, 310, 321, 323, 324, 326, 328, 330, 331, 332, 333], "summary": {"covered_lines": 132, "num_statements": 142, "percent_covered": 92.95774647887323, "percent_covered_display": "93", "missing_lines": 10, "excluded_lines": 0}, "missing_lines": [82, 117, 156, 160, 161, 188, 239, 240, 303, 325], "excluded_lines": [], "functions": {"Wright.__init__": {"executed_lines": [41, 42, 43, 44, 47], "summary": {"covered_lines": 5, "num_statements": 5, "percent_covered": 100.0, "percent_covered_display": "100", "missing_lines": 0, "excluded_lines": 0}, "missing_lines": [], "excluded_lines": []}, "Wright.synthesize": {"executed_lines": [60, 62, 63, 64, 65, 66, 67, 68, 69, 80, 81, 85], "summary": {"covered_lines": 12, "num_statements": 13, "percent_covered": 92.3076923076923, "percent_covered_display": "92", "missing_lines": 1, "excluded_lines": 0}, "missing_lines": [82], "excluded_lines": []}, "Wright.optimize": {"executed_lines": [96, 97], "summary": {"covered_lines": 2, "num_statements": 2, "percent_covered": 100.0, "percent_covered_display": "100", "missing_lines": 0, "excluded_lines": 0}, "missing_lines": [], "excluded_lines": []}, "Wright.certify": {"executed_lines": [111, 112, 113, 115, 116, 119, 120, 121, 122, 124, 125, 126, 128], "summary": {"covered_lines": 13, "num_statements": 14, "percent_covered": 92.85714285714286, "percent_covered_display": "93", "missing_lines": 1, "excluded_lines": 0}, "missing_lines": [117], "excluded_lines": []}, "Wright._tier0": {"executed_lines": [143, 144, 145, 146, 147, 148], "summary": {"covered_lines": 6, "num_statements": 6, "percent_covered": 100.0, "percent_covered_display": "100", "missing_lines": 0, "excluded_lines": 0}, "missing_lines": [], "excluded_lines": []}, "Wright._tier1": {"executed_lines": [152, 153, 154, 155, 157, 158, 159, 162, 163, 164], "summary": {"covered_lines": 10, "num_statements": 13, "percent_covered": 76.92307692307692, "percent_covered_display": "77", "missing_lines": 3, "excluded_lines": 0}, "missing_lines": [156, 160, 161], "excluded_lines": []}, "Wright._tier2": {"executed_lines": [172, 173, 174, 176, 184, 185, 186, 187, 189, 190, 191, 193, 194], "summary": {"covered_lines": 13, "num_statements": 14, "percent_covered": 92.85714285714286, "percent_covered_display": "93", "missing_lines": 1, "excluded_lines": 0}, "missing_lines": [188], "excluded_lines": []}, "Wright._tier2.build": {"executed_lines": [178, 179, 180, 181], "summary": {"covered_lines": 4, "num_statements": 4, "percent_covered": 100.0, "percent_covered_display": "100", "missing_lines": 0, "excluded_lines": 0}, "missing_lines": [], "excluded_lines": []}, "Wright._fill_inputs": {"executed_lines": [203, 204, 205, 206, 207, 208, 209, 210, 211, 212, 213, 216, 217, 218, 220], "summary": {"covered_lines": 15, "num_statements": 15, "percent_covered": 100.0, "percent_covered_display": "100", "missing_lines": 0, "excluded_lines": 0}, "missing_lines": [], "excluded_lines": []}, "Wright.solver": {"executed_lines": [229, 230, 231, 232], "summary": {"covered_lines": 4, "num_statements": 4, "percent_covered": 100.0, "percent_covered_display": "100", "missing_lines": 0, "excluded_lines": 0}, "missing_lines": [], "excluded_lines": []}, "Wright._tier3": {"executed_lines": [236, 237, 238], "summary": {"covered_lines": 3, "num_statements": 5, "percent_covered": 60.0, "percent_covered_display": "60", "missing_lines": 2, "excluded_lines": 0}, "missing_lines": [239, 240], "excluded_lines": []}, "Wright._result_from_search": {"executed_lines": [250, 251, 252, 260, 261, 262, 270, 271, 276], "summary": {"covered_lines": 9, "num_statements": 9, "percent_covered": 100.0, "percent_covered_display": "100", "missing_lines": 0, "excluded_lines": 0}, "missing_lines": [], "excluded_lines": []}, "Wright._negative_verdict": {"executed_lines": [287, 289, 290, 291, 301, 310], "summary": {"covered_lines": 6, "num_statements": 7, "percent_covered": 85.71428571428571, "percent_covered_display": "86", "missing_lines": 1, "excluded_lines": 0}, "missing_lines": [303], "excluded_lines": []}, "Wright._cost_scalar": {"executed_lines": [323, 324, 326], "summary": {"covered_lines": 3, "num_statements": 4, "percent_covered": 75.0, "percent_covered_display": "75", "missing_lines": 1, "excluded_lines": 0}, "missing_lines": [325], "excluded_lines": []}, "Wright._try_realize": {"executed_lines": [330, 331, 332, 333], "summary": {"covered_lines": 4, "num_statements": 4, "percent_covered": 100.0, "percent_covered_display": "100", "missing_lines": 0, "excluded_lines": 0}, "missing_lines": [], "excluded_lines": []}, "": {"executed_lines": [4, 24, 25, 27, 28, 29, 30, 31, 34, 35, 40, 53, 87, 99, 141, 150, 166, 196, 226, 227, 234, 248, 286, 321, 328], "summary": {"covered_lines": 23, "num_statements": 23, "percent_covered": 100.0, "percent_covered_display": "100", "missing_lines": 0, "excluded_lines": 0}, "missing_lines": [], "excluded_lines": []}}, "classes": {"Wright": {"executed_lines": [41, 42, 43, 44, 47, 60, 62, 63, 64, 65, 66, 67, 68, 69, 80, 81, 85, 96, 97, 111, 112, 113, 115, 116, 119, 120, 121, 122, 124, 125, 126, 128, 143, 144, 145, 146, 147, 148, 152, 153, 154, 155, 157, 158, 159, 162, 163, 164, 172, 173, 174, 176, 178, 179, 180, 181, 184, 185, 186, 187, 189, 190, 191, 193, 194, 203, 204, 205, 206, 207, 208, 209, 210, 211, 212, 213, 216, 217, 218, 220, 229, 230, 231, 232, 236, 237, 238, 250, 251, 252, 260, 261, 262, 270, 271, 276, 287, 289, 290, 291, 301, 310, 323, 324, 326, 330, 331, 332, 333], "summary": {"covered_lines": 109, "num_statements": 119, "percent_covered": 91.59663865546219, "percent_covered_display": "92", "missing_lines": 10, "excluded_lines": 0}, "missing_lines": [82, 117, 156, 160, 161, 188, 239, 240, 303, 325], "excluded_lines": []}, "": {"executed_lines": [4, 24, 25, 27, 28, 29, 30, 31, 34, 35, 40, 53, 87, 99, 141, 150, 166, 196, 226, 227, 234, 248, 286, 321, 328], "summary": {"covered_lines": 23, "num_statements": 23, "percent_covered": 100.0, "percent_covered_display": "100", "missing_lines": 0, "excluded_lines": 0}, "missing_lines": [], "excluded_lines": []}}}, "src\\operadum\\operadum\\wright\\schema.py": {"executed_lines": [4, 19, 20, 21, 22, 24, 27, 30, 31, 32, 33, 34, 35, 38, 39, 40, 47, 48, 49, 50, 52, 53, 56, 57, 58, 61, 62, 63, 68, 69, 70, 71, 72, 73, 75, 76, 77, 78, 79, 80, 81, 82, 83, 84, 86, 91, 92, 93, 103, 104, 105, 106, 107, 109, 110, 111, 113], "summary": {"covered_lines": 52, "num_statements": 59, "percent_covered": 88.13559322033899, "percent_covered_display": "88", "missing_lines": 7, "excluded_lines": 0}, "missing_lines": [54, 87, 88, 114, 115, 116, 118], "excluded_lines": [], "functions": {"Construction.interface": {"executed_lines": [], "summary": {"covered_lines": 0, "num_statements": 1, "percent_covered": 0.0, "percent_covered_display": "0", "missing_lines": 1, "excluded_lines": 0}, "missing_lines": [54], "excluded_lines": []}, "Construction.wiring": {"executed_lines": [58], "summary": {"covered_lines": 1, "num_statements": 1, "percent_covered": 100.0, "percent_covered_display": "100", "missing_lines": 0, "excluded_lines": 0}, "missing_lines": [], "excluded_lines": []}, "Certificate.certified": {"executed_lines": [77, 78, 79, 80, 81, 82, 83, 84], "summary": {"covered_lines": 8, "num_statements": 8, "percent_covered": 100.0, "percent_covered_display": "100", "missing_lines": 0, "excluded_lines": 0}, "missing_lines": [], "excluded_lines": []}, "Certificate.__str__": {"executed_lines": [], "summary": {"covered_lines": 0, "num_statements": 2, "percent_covered": 0.0, "percent_covered_display": "0", "missing_lines": 2, "excluded_lines": 0}, "missing_lines": [87, 88], "excluded_lines": []}, "BuildResult.buildable": {"executed_lines": [111], "summary": {"covered_lines": 1, "num_statements": 1, "percent_covered": 100.0, "percent_covered_display": "100", "missing_lines": 0, "excluded_lines": 0}, "missing_lines": [], "excluded_lines": []}, "BuildResult.__str__": {"executed_lines": [], "summary": {"covered_lines": 0, "num_statements": 4, "percent_covered": 0.0, "percent_covered_display": "0", "missing_lines": 4, "excluded_lines": 0}, "missing_lines": [114, 115, 116, 118], "excluded_lines": []}, "": {"executed_lines": [4, 19, 20, 21, 22, 24, 27, 30, 31, 32, 33, 34, 35, 38, 39, 40, 47, 48, 49, 50, 52, 53, 56, 57, 61, 62, 63, 68, 69, 70, 71, 72, 73, 75, 76, 86, 91, 92, 93, 103, 104, 105, 106, 107, 109, 110, 113], "summary": {"covered_lines": 42, "num_statements": 42, "percent_covered": 100.0, "percent_covered_display": "100", "missing_lines": 0, "excluded_lines": 0}, "missing_lines": [], "excluded_lines": []}}, "classes": {"Verdict": {"executed_lines": [], "summary": {"covered_lines": 0, "num_statements": 0, "percent_covered": 100.0, "percent_covered_display": "100", "missing_lines": 0, "excluded_lines": 0}, "missing_lines": [], "excluded_lines": []}, "Construction": {"executed_lines": [58], "summary": {"covered_lines": 1, "num_statements": 2, "percent_covered": 50.0, "percent_covered_display": "50", "missing_lines": 1, "excluded_lines": 0}, "missing_lines": [54], "excluded_lines": []}, "Certificate": {"executed_lines": [77, 78, 79, 80, 81, 82, 83, 84], "summary": {"covered_lines": 8, "num_statements": 10, "percent_covered": 80.0, "percent_covered_display": "80", "missing_lines": 2, "excluded_lines": 0}, "missing_lines": [87, 88], "excluded_lines": []}, "BuildResult": {"executed_lines": [111], "summary": {"covered_lines": 1, "num_statements": 5, "percent_covered": 20.0, "percent_covered_display": "20", "missing_lines": 4, "excluded_lines": 0}, "missing_lines": [114, 115, 116, 118], "excluded_lines": []}, "": {"executed_lines": [4, 19, 20, 21, 22, 24, 27, 30, 31, 32, 33, 34, 35, 38, 39, 40, 47, 48, 49, 50, 52, 53, 56, 57, 61, 62, 63, 68, 69, 70, 71, 72, 73, 75, 76, 86, 91, 92, 93, 103, 104, 105, 106, 107, 109, 110, 113], "summary": {"covered_lines": 42, "num_statements": 42, "percent_covered": 100.0, "percent_covered_display": "100", "missing_lines": 0, "excluded_lines": 0}, "missing_lines": [], "excluded_lines": []}}}, "src\\operadum\\operadum\\wright\\server.py": {"executed_lines": [4, 23, 24, 26, 27, 28, 29, 32, 33, 35, 36, 40, 41, 46, 58, 60, 61, 62, 63, 64, 65, 66, 72, 73, 75, 82, 83, 89, 90, 92, 93, 95, 97, 100, 101, 103, 115, 118, 119, 120, 122, 123, 127, 128, 129, 131, 132], "summary": {"covered_lines": 45, "num_statements": 56, "percent_covered": 80.35714285714286, "percent_covered_display": "80", "missing_lines": 11, "excluded_lines": 0}, "missing_lines": [67, 68, 76, 98, 104, 105, 106, 107, 116, 121, 130], "excluded_lines": [], "functions": {"SynthesisServer.__init__": {"executed_lines": [36], "summary": {"covered_lines": 1, "num_statements": 1, "percent_covered": 100.0, "percent_covered_display": "100", "missing_lines": 0, "excluded_lines": 0}, "missing_lines": [], "excluded_lines": []}, "SynthesisServer.tools": {"executed_lines": [41, 46], "summary": {"covered_lines": 2, "num_statements": 2, "percent_covered": 100.0, "percent_covered_display": "100", "missing_lines": 0, "excluded_lines": 0}, "missing_lines": [], "excluded_lines": []}, "SynthesisServer.handle": {"executed_lines": [60, 61, 62, 63, 64, 65, 66], "summary": {"covered_lines": 7, "num_statements": 9, "percent_covered": 77.77777777777777, "percent_covered_display": "78", "missing_lines": 2, "excluded_lines": 0}, "missing_lines": [67, 68], "excluded_lines": []}, "SynthesisServer._do_list_colours": {"executed_lines": [73], "summary": {"covered_lines": 1, "num_statements": 1, "percent_covered": 100.0, "percent_covered_display": "100", "missing_lines": 0, "excluded_lines": 0}, "missing_lines": [], "excluded_lines": []}, "SynthesisServer._do_list_operations": {"executed_lines": [], "summary": {"covered_lines": 0, "num_statements": 1, "percent_covered": 0.0, "percent_covered_display": "0", "missing_lines": 1, "excluded_lines": 0}, "missing_lines": [76], "excluded_lines": []}, "SynthesisServer._spec": {"executed_lines": [83], "summary": {"covered_lines": 1, "num_statements": 1, "percent_covered": 100.0, "percent_covered_display": "100", "missing_lines": 0, "excluded_lines": 0}, "missing_lines": [], "excluded_lines": []}, "SynthesisServer._build_payload": {"executed_lines": [90, 92, 93, 95], "summary": {"covered_lines": 4, "num_statements": 4, "percent_covered": 100.0, "percent_covered_display": "100", "missing_lines": 0, "excluded_lines": 0}, "missing_lines": [], "excluded_lines": []}, "SynthesisServer._do_synthesize": {"executed_lines": [], "summary": {"covered_lines": 0, "num_statements": 1, "percent_covered": 0.0, "percent_covered_display": "0", "missing_lines": 1, "excluded_lines": 0}, "missing_lines": [98], "excluded_lines": []}, "SynthesisServer._do_optimize": {"executed_lines": [101], "summary": {"covered_lines": 1, "num_statements": 1, "percent_covered": 100.0, "percent_covered_display": "100", "missing_lines": 0, "excluded_lines": 0}, "missing_lines": [], "excluded_lines": []}, "SynthesisServer._do_certify": {"executed_lines": [], "summary": {"covered_lines": 0, "num_statements": 4, "percent_covered": 0.0, "percent_covered_display": "0", "missing_lines": 4, "excluded_lines": 0}, "missing_lines": [104, 105, 106, 107], "excluded_lines": []}, "SynthesisServer._do_optimize_then_verify": {"executed_lines": [], "summary": {"covered_lines": 0, "num_statements": 1, "percent_covered": 0.0, "percent_covered_display": "0", "missing_lines": 1, "excluded_lines": 0}, "missing_lines": [116], "excluded_lines": []}, "SynthesisServer._do_verify": {"executed_lines": [119, 120, 122, 123], "summary": {"covered_lines": 4, "num_statements": 5, "percent_covered": 80.0, "percent_covered_display": "80", "missing_lines": 1, "excluded_lines": 0}, "missing_lines": [121], "excluded_lines": []}, "SynthesisServer._do_compile": {"executed_lines": [128, 129, 131, 132], "summary": {"covered_lines": 4, "num_statements": 5, "percent_covered": 80.0, "percent_covered_display": "80", "missing_lines": 1, "excluded_lines": 0}, "missing_lines": [130], "excluded_lines": []}, "": {"executed_lines": [4, 23, 24, 26, 27, 28, 29, 32, 33, 35, 40, 58, 72, 75, 82, 89, 97, 100, 103, 115, 118, 127], "summary": {"covered_lines": 20, "num_statements": 20, "percent_covered": 100.0, "percent_covered_display": "100", "missing_lines": 0, "excluded_lines": 0}, "missing_lines": [], "excluded_lines": []}}, "classes": {"SynthesisServer": {"executed_lines": [36, 41, 46, 60, 61, 62, 63, 64, 65, 66, 73, 83, 90, 92, 93, 95, 101, 119, 120, 122, 123, 128, 129, 131, 132], "summary": {"covered_lines": 25, "num_statements": 36, "percent_covered": 69.44444444444444, "percent_covered_display": "69", "missing_lines": 11, "excluded_lines": 0}, "missing_lines": [67, 68, 76, 98, 104, 105, 106, 107, 116, 121, 130], "excluded_lines": []}, "": {"executed_lines": [4, 23, 24, 26, 27, 28, 29, 32, 33, 35, 40, 58, 72, 75, 82, 89, 97, 100, 103, 115, 118, 127], "summary": {"covered_lines": 20, "num_statements": 20, "percent_covered": 100.0, "percent_covered_display": "100", "missing_lines": 0, "excluded_lines": 0}, "missing_lines": [], "excluded_lines": []}}}, "src\\operadum\\operadum\\wright\\solver.py": {"executed_lines": [4, 18, 19, 21, 22, 23, 26, 27, 29, 30, 31, 33, 36], "summary": {"covered_lines": 11, "num_statements": 11, "percent_covered": 100.0, "percent_covered_display": "100", "missing_lines": 0, "excluded_lines": 0}, "missing_lines": [], "excluded_lines": [], "functions": {"Solver.__init__": {"executed_lines": [30, 31], "summary": {"covered_lines": 2, "num_statements": 2, "percent_covered": 100.0, "percent_covered_display": "100", "missing_lines": 0, "excluded_lines": 0}, "missing_lines": [], "excluded_lines": []}, "Solver.cheapest": {"executed_lines": [36], "summary": {"covered_lines": 1, "num_statements": 1, "percent_covered": 100.0, "percent_covered_display": "100", "missing_lines": 0, "excluded_lines": 0}, "missing_lines": [], "excluded_lines": []}, "": {"executed_lines": [4, 18, 19, 21, 22, 23, 26, 27, 29, 33], "summary": {"covered_lines": 8, "num_statements": 8, "percent_covered": 100.0, "percent_covered_display": "100", "missing_lines": 0, "excluded_lines": 0}, "missing_lines": [], "excluded_lines": []}}, "classes": {"Solver": {"executed_lines": [30, 31, 36], "summary": {"covered_lines": 3, "num_statements": 3, "percent_covered": 100.0, "percent_covered_display": "100", "missing_lines": 0, "excluded_lines": 0}, "missing_lines": [], "excluded_lines": []}, "": {"executed_lines": [4, 18, 19, 21, 22, 23, 26, 27, 29, 33], "summary": {"covered_lines": 8, "num_statements": 8, "percent_covered": 100.0, "percent_covered_display": "100", "missing_lines": 0, "excluded_lines": 0}, "missing_lines": [], "excluded_lines": []}}}, "tests\\test_ingestion.py": {"executed_lines": [1, 2, 5, 7, 9, 10, 11, 13, 14, 15, 16, 19, 20, 22, 23, 30], "summary": {"covered_lines": 16, "num_statements": 20, "percent_covered": 80.0, "percent_covered_display": "80", "missing_lines": 4, "excluded_lines": 0}, "missing_lines": [25, 27, 28, 31], "excluded_lines": [], "functions": {"test_data_ingestion": {"executed_lines": [10, 11, 13, 14, 15, 16, 19, 20, 22, 23], "summary": {"covered_lines": 10, "num_statements": 13, "percent_covered": 76.92307692307692, "percent_covered_display": "77", "missing_lines": 3, "excluded_lines": 0}, "missing_lines": [25, 27, 28], "excluded_lines": []}, "": {"executed_lines": [1, 2, 5, 7, 9, 30], "summary": {"covered_lines": 6, "num_statements": 7, "percent_covered": 85.71428571428571, "percent_covered_display": "86", "missing_lines": 1, "excluded_lines": 0}, "missing_lines": [31], "excluded_lines": []}}, "classes": {"": {"executed_lines": [1, 2, 5, 7, 9, 10, 11, 13, 14, 15, 16, 19, 20, 22, 23, 30], "summary": {"covered_lines": 16, "num_statements": 20, "percent_covered": 80.0, "percent_covered_display": "80", "missing_lines": 4, "excluded_lines": 0}, "missing_lines": [25, 27, 28, 31], "excluded_lines": []}}}, "tests\\test_thermodynamic_audit.py": {"executed_lines": [1, 2, 5, 7, 8, 12, 66], "summary": {"covered_lines": 7, "num_statements": 30, "percent_covered": 23.333333333333332, "percent_covered_display": "23", "missing_lines": 23, "excluded_lines": 0}, "missing_lines": [13, 16, 17, 18, 22, 25, 34, 44, 47, 48, 50, 52, 53, 54, 55, 56, 58, 59, 60, 61, 63, 64, 67], "excluded_lines": [], "functions": {"run_landfill_cng_audit": {"executed_lines": [], "summary": {"covered_lines": 0, "num_statements": 22, "percent_covered": 0.0, "percent_covered_display": "0", "missing_lines": 22, "excluded_lines": 0}, "missing_lines": [13, 16, 17, 18, 22, 25, 34, 44, 47, 48, 50, 52, 53, 54, 55, 56, 58, 59, 60, 61, 63, 64], "excluded_lines": []}, "": {"executed_lines": [1, 2, 5, 7, 8, 12, 66], "summary": {"covered_lines": 7, "num_statements": 8, "percent_covered": 87.5, "percent_covered_display": "88", "missing_lines": 1, "excluded_lines": 0}, "missing_lines": [67], "excluded_lines": []}}, "classes": {"": {"executed_lines": [1, 2, 5, 7, 8, 12, 66], "summary": {"covered_lines": 7, "num_statements": 30, "percent_covered": 23.333333333333332, "percent_covered_display": "23", "missing_lines": 23, "excluded_lines": 0}, "missing_lines": [13, 16, 17, 18, 22, 25, 34, 44, 47, 48, 50, 52, 53, 54, 55, 56, 58, 59, 60, 61, 63, 64, 67], "excluded_lines": []}}}}, "totals": {"covered_lines": 5551, "num_statements": 9259, "percent_covered": 59.952478669402744, "percent_covered_display": "60", "missing_lines": 3708, "excluded_lines": 37}}